                       :-) GROMACS - gmx mdrun, 2022 (-:

Copyright 1991-2022 The GROMACS Authors.
GROMACS is free software; you can redistribute it and/or modify it
under the terms of the GNU Lesser General Public License
as published by the Free Software Foundation; either version 2.1
of the License, or (at your option) any later version.

                         Current GROMACS contributors:
       Mark Abraham           Andrey Alekseenko           Cathrine Bergh      
      Christian Blau            Eliane Briand               Kevin Boyd        
     Oliver Fleetwood         Stefan Fleischmann           Vytas Gapsys       
       Gaurav Garg           Gilles Gouaillardet            Alan Gray         
      Victor Holanda           M. Eric Irrgang              Joe Jordan        
    Christoph Junghans        Prashanth Kanduri           Sebastian Kehl      
     Sebastian Keller          Carsten Kutzner           Magnus Lundborg      
       Pascal Merz              Dmitry Morozov             Szilard Pall       
      Roland Schulz             Michael Shirts         David van der Spoel    
     Alessandra Villa      Sebastian Wingbermuehle        Artem Zhmurov       

                         Previous GROMACS contributors:
        Emile Apol             Rossen Apostolov           James Barnett       
  Herman J.C. Berendsen          Par Bjelkmar           Viacheslav Bolnykh    
    Aldert van Buuren          Carlo Camilloni           Rudi van Drunen      
      Anton Feenstra           Gerrit Groenhof            Bert de Groot       
      Anca Hamuraru           Vincent Hindriksen         Aleksei Iupinov      
   Dimitrios Karkoulis           Peter Kasson               Jiri Kraus        
       Per Larsson             Justin A. Lemkul           Viveca Lindahl      
      Erik Marklund           Pieter Meulenhoff           Vedran Miletic      
      Teemu Murtola              Sander Pronk            Alexey Shvetsov      
      Alfons Sijbers            Peter Tieleman             Jon Vincent        
     Teemu Virolainen         Christian Wennberg           Maarten Wolf       

                  Coordinated by the GROMACS project leaders:
                    Paul Bauer, Berk Hess, and Erik Lindahl

GROMACS:      gmx mdrun, version 2022
Executable:   /usr/local/gromacs/bin/gmx
Data prefix:  /usr/local/gromacs
Working dir:  /Users/jacksonsheppard/Desktop/UCSB/Research/GROMACS-Tutorial/Tutorial1_Lysozyme
Process ID:   55879
Command line:
  gmx mdrun -deffnm npt

GROMACS version:    2022
Precision:          mixed
Memory model:       64 bit
MPI library:        thread_mpi
OpenMP support:     disabled
GPU support:        disabled
SIMD instructions:  AVX2_256
CPU FFT library:    fftw-3.3.8-sse2
GPU FFT library:    none
RDTSCP usage:       enabled
TNG support:        enabled
Hwloc support:      disabled
Tracing support:    disabled
C compiler:         /Library/Developer/CommandLineTools/usr/bin/cc AppleClang 12.0.0.12000032
C compiler flags:   -mavx2 -mfma -Wno-unknown-pragmas -Wno-missing-field-initializers -fno-stack-check -fno-stack-check -O3 -DNDEBUG
C++ compiler:       /Library/Developer/CommandLineTools/usr/bin/c++ AppleClang 12.0.0.12000032
C++ compiler flags: -mavx2 -mfma -Wno-unknown-pragmas -Wno-missing-field-initializers -fno-stack-check -fno-stack-check -Weverything -Wno-c++98-compat -Wno-c++98-compat-pedantic -Wno-source-uses-openmp -Wno-c++17-extensions -Wno-documentation-unknown-command -Wno-covered-switch-default -Wno-switch-enum -Wno-extra-semi-stmt -Wno-weak-vtables -Wno-shadow -Wno-padded -Wno-reserved-id-macro -Wno-double-promotion -Wno-exit-time-destructors -Wno-global-constructors -Wno-documentation -Wno-format-nonliteral -Wno-used-but-marked-unused -Wno-float-equal -Wno-conditional-uninitialized -Wno-conversion -Wno-disabled-macro-expansion -Wno-unused-macros -O3 -DNDEBUG


Running on 1 node with total 0 processing units
Hardware detected:
  CPU info:
    Vendor: Intel
    Brand:  Intel(R) Core(TM) i5-8257U CPU @ 1.40GHz
    Family: 6   Model: 142   Stepping: 10
    Features: aes apic avx avx2 clfsh cmov cx8 cx16 f16c fma htt intel lahf mmx msr nonstop_tsc pcid pclmuldq pdcm pdpe1gb popcnt pse rdrnd rdtscp sse2 sse3 sse4.1 sse4.2 ssse3 tdt x2apic
  Hardware topology: Only logical processor count
    CPU limit set by OS: -1   Recommended max number of threads: 8


++++ PLEASE READ AND CITE THE FOLLOWING REFERENCE ++++
M. J. Abraham, T. Murtola, R. Schulz, S. Páll, J. C. Smith, B. Hess, E.
Lindahl
GROMACS: High performance molecular simulations through multi-level
parallelism from laptops to supercomputers
SoftwareX 1 (2015) pp. 19-25
-------- -------- --- Thank You --- -------- --------


++++ PLEASE READ AND CITE THE FOLLOWING REFERENCE ++++
S. Páll, M. J. Abraham, C. Kutzner, B. Hess, E. Lindahl
Tackling Exascale Software Challenges in Molecular Dynamics Simulations with
GROMACS
In S. Markidis & E. Laure (Eds.), Solving Software Challenges for Exascale 8759 (2015) pp. 3-27
-------- -------- --- Thank You --- -------- --------


++++ PLEASE READ AND CITE THE FOLLOWING REFERENCE ++++
S. Pronk, S. Páll, R. Schulz, P. Larsson, P. Bjelkmar, R. Apostolov, M. R.
Shirts, J. C. Smith, P. M. Kasson, D. van der Spoel, B. Hess, and E. Lindahl
GROMACS 4.5: a high-throughput and highly parallel open source molecular
simulation toolkit
Bioinformatics 29 (2013) pp. 845-54
-------- -------- --- Thank You --- -------- --------


++++ PLEASE READ AND CITE THE FOLLOWING REFERENCE ++++
B. Hess and C. Kutzner and D. van der Spoel and E. Lindahl
GROMACS 4: Algorithms for highly efficient, load-balanced, and scalable
molecular simulation
J. Chem. Theory Comput. 4 (2008) pp. 435-447
-------- -------- --- Thank You --- -------- --------


++++ PLEASE READ AND CITE THE FOLLOWING REFERENCE ++++
D. van der Spoel, E. Lindahl, B. Hess, G. Groenhof, A. E. Mark and H. J. C.
Berendsen
GROMACS: Fast, Flexible and Free
J. Comp. Chem. 26 (2005) pp. 1701-1719
-------- -------- --- Thank You --- -------- --------


++++ PLEASE READ AND CITE THE FOLLOWING REFERENCE ++++
E. Lindahl and B. Hess and D. van der Spoel
GROMACS 3.0: A package for molecular simulation and trajectory analysis
J. Mol. Mod. 7 (2001) pp. 306-317
-------- -------- --- Thank You --- -------- --------


++++ PLEASE READ AND CITE THE FOLLOWING REFERENCE ++++
H. J. C. Berendsen, D. van der Spoel and R. van Drunen
GROMACS: A message-passing parallel molecular dynamics implementation
Comp. Phys. Comm. 91 (1995) pp. 43-56
-------- -------- --- Thank You --- -------- --------


++++ PLEASE CITE THE DOI FOR THIS VERSION OF GROMACS ++++
https://doi.org/10.5281/zenodo.6103835
-------- -------- --- Thank You --- -------- --------

Input Parameters:
   integrator                     = md
   tinit                          = 0
   dt                             = 0.002
   nsteps                         = 50000
   init-step                      = 0
   simulation-part                = 1
   mts                            = false
   comm-mode                      = Linear
   nstcomm                        = 100
   bd-fric                        = 0
   ld-seed                        = -546357445
   emtol                          = 10
   emstep                         = 0.01
   niter                          = 20
   fcstep                         = 0
   nstcgsteep                     = 1000
   nbfgscorr                      = 10
   rtpi                           = 0.05
   nstxout                        = 500
   nstvout                        = 500
   nstfout                        = 0
   nstlog                         = 500
   nstcalcenergy                  = 100
   nstenergy                      = 500
   nstxout-compressed             = 0
   compressed-x-precision         = 1000
   cutoff-scheme                  = Verlet
   nstlist                        = 10
   pbc                            = xyz
   periodic-molecules             = false
   verlet-buffer-tolerance        = 0.005
   rlist                          = 1
   coulombtype                    = PME
   coulomb-modifier               = Potential-shift
   rcoulomb-switch                = 0
   rcoulomb                       = 1
   epsilon-r                      = 1
   epsilon-rf                     = inf
   vdw-type                       = Cut-off
   vdw-modifier                   = Potential-shift
   rvdw-switch                    = 0
   rvdw                           = 1
   DispCorr                       = EnerPres
   table-extension                = 1
   fourierspacing                 = 0.16
   fourier-nx                     = 44
   fourier-ny                     = 44
   fourier-nz                     = 44
   pme-order                      = 4
   ewald-rtol                     = 1e-05
   ewald-rtol-lj                  = 0.001
   lj-pme-comb-rule               = Geometric
   ewald-geometry                 = 3d
   epsilon-surface                = 0
   tcoupl                         = V-rescale
   nsttcouple                     = 10
   nh-chain-length                = 0
   print-nose-hoover-chain-variables = false
   pcoupl                         = Parrinello-Rahman
   pcoupltype                     = Isotropic
   nstpcouple                     = 10
   tau-p                          = 2
   compressibility (3x3):
      compressibility[    0]={ 4.50000e-05,  0.00000e+00,  0.00000e+00}
      compressibility[    1]={ 0.00000e+00,  4.50000e-05,  0.00000e+00}
      compressibility[    2]={ 0.00000e+00,  0.00000e+00,  4.50000e-05}
   ref-p (3x3):
      ref-p[    0]={ 1.00000e+00,  0.00000e+00,  0.00000e+00}
      ref-p[    1]={ 0.00000e+00,  1.00000e+00,  0.00000e+00}
      ref-p[    2]={ 0.00000e+00,  0.00000e+00,  1.00000e+00}
   refcoord-scaling               = COM
   posres-com (3):
      posres-com[0]= 4.97633e-01
      posres-com[1]= 5.01804e-01
      posres-com[2]= 4.99584e-01
   posres-comB (3):
      posres-comB[0]= 4.97633e-01
      posres-comB[1]= 5.01804e-01
      posres-comB[2]= 4.99584e-01
   QMMM                           = false
qm-opts:
   ngQM                           = 0
   constraint-algorithm           = Lincs
   continuation                   = true
   Shake-SOR                      = false
   shake-tol                      = 0.0001
   lincs-order                    = 4
   lincs-iter                     = 1
   lincs-warnangle                = 30
   nwall                          = 0
   wall-type                      = 9-3
   wall-r-linpot                  = -1
   wall-atomtype[0]               = -1
   wall-atomtype[1]               = -1
   wall-density[0]                = 0
   wall-density[1]                = 0
   wall-ewald-zfac                = 3
   pull                           = false
   awh                            = false
   rotation                       = false
   interactiveMD                  = false
   disre                          = No
   disre-weighting                = Conservative
   disre-mixed                    = false
   dr-fc                          = 1000
   dr-tau                         = 0
   nstdisreout                    = 100
   orire-fc                       = 0
   orire-tau                      = 0
   nstorireout                    = 100
   free-energy                    = no
   cos-acceleration               = 0
   deform (3x3):
      deform[    0]={ 0.00000e+00,  0.00000e+00,  0.00000e+00}
      deform[    1]={ 0.00000e+00,  0.00000e+00,  0.00000e+00}
      deform[    2]={ 0.00000e+00,  0.00000e+00,  0.00000e+00}
   simulated-tempering            = false
   swapcoords                     = no
   userint1                       = 0
   userint2                       = 0
   userint3                       = 0
   userint4                       = 0
   userreal1                      = 0
   userreal2                      = 0
   userreal3                      = 0
   userreal4                      = 0
   applied-forces:
     electric-field:
       x:
         E0                       = 0
         omega                    = 0
         t0                       = 0
         sigma                    = 0
       y:
         E0                       = 0
         omega                    = 0
         t0                       = 0
         sigma                    = 0
       z:
         E0                       = 0
         omega                    = 0
         t0                       = 0
         sigma                    = 0
     density-guided-simulation:
       active                     = false
       group                      = protein
       similarity-measure         = inner-product
       atom-spreading-weight      = unity
       force-constant             = 1e+09
       gaussian-transform-spreading-width = 0.2
       gaussian-transform-spreading-range-in-multiples-of-width = 4
       reference-density-filename = reference.mrc
       nst                        = 1
       normalize-densities        = true
       adaptive-force-scaling     = false
       adaptive-force-scaling-time-constant = 4
       shift-vector               = 
       transformation-matrix      = 
     qmmm-cp2k:
       active                     = false
       qmgroup                    = System
       qmmethod                   = PBE
       qmfilenames                = 
       qmcharge                   = 0
       qmmultiplicity             = 1
grpopts:
   nrdf:     4920.79     63837.2
   ref-t:         300         300
   tau-t:         0.1         0.1
annealing:          No          No
annealing-npoints:           0           0
   acc:	           0           0           0
   nfreeze:           N           N           N
   energygrp-flags[  0]: 0

Changing nstlist from 10 to 50, rlist from 1 to 1.115


Initializing Domain Decomposition on 8 ranks
Dynamic load balancing: auto
Using update groups, nr 11645, average size 2.9 atoms, max. radius 0.103 nm
Minimum cell size due to atom displacement: 0.398 nm
Initial maximum distances in bonded interactions:
    two-body bonded interactions: 0.446 nm, LJ-14, atoms 1156 1405
  multi-body bonded interactions: 0.446 nm, Ryckaert-Bell., atoms 1156 1405
Minimum cell size due to bonded interactions: 0.491 nm
Scaling the initial minimum size with 1/0.8 (option -dds) = 1.25
Using 0 separate PME ranks because: there are too few total ranks for efficient splitting
Optimizing the DD grid for 8 cells with a minimum initial size of 0.613 nm
The maximum allowed number of cells is: X 11 Y 11 Z 11
Domain decomposition grid 4 x 2 x 1, separate PME ranks 0
PME domain decomposition: 4 x 2 x 1
Domain decomposition rank 0, coordinates 0 0 0

The initial number of communication pulses is: X 1 Y 1
The initial domain decomposition cell size is: X 1.75 nm Y 3.51 nm

The maximum allowed distance for atom groups involved in interactions is:
                 non-bonded interactions           1.322 nm
(the following are initial values, they could change due to box deformation)
            two-body bonded interactions  (-rdd)   1.322 nm
          multi-body bonded interactions  (-rdd)   1.322 nm

When dynamic load balancing gets turned on, these settings will change to:
The maximum number of communication pulses is: X 1 Y 1
The minimum size for domain decomposition cells is 1.322 nm
The requested allowed shrink of DD cells (option -dds) is: 0.80
The allowed shrink of domain decomposition cells is: X 0.75 Y 0.38
The maximum allowed distance for atom groups involved in interactions is:
                 non-bonded interactions           1.322 nm
            two-body bonded interactions  (-rdd)   1.322 nm
          multi-body bonded interactions  (-rdd)   1.322 nm

Using 8 MPI threads
System total charge: -0.000
Will do PME sum in reciprocal space for electrostatic interactions.

++++ PLEASE READ AND CITE THE FOLLOWING REFERENCE ++++
U. Essmann, L. Perera, M. L. Berkowitz, T. Darden, H. Lee and L. G. Pedersen 
A smooth particle mesh Ewald method
J. Chem. Phys. 103 (1995) pp. 8577-8592
-------- -------- --- Thank You --- -------- --------

Using a Gaussian width (1/beta) of 0.320163 nm for Ewald
Potential shift: LJ r^-12: -1.000e+00 r^-6: -1.000e+00, Ewald -1.000e-05
Initialized non-bonded Coulomb Ewald tables, spacing: 9.33e-04 size: 1073

Generated table with 1057 data points for 1-4 COUL.
Tabscale = 500 points/nm
Generated table with 1057 data points for 1-4 LJ6.
Tabscale = 500 points/nm
Generated table with 1057 data points for 1-4 LJ12.
Tabscale = 500 points/nm
Long Range LJ corr.: <C6> 3.1923e-04


Using SIMD 4x8 nonbonded short-range kernels

Using a dual 4x8 pair-list setup updated with dynamic pruning:
  outer list: updated every 50 steps, buffer 0.115 nm, rlist 1.115 nm
  inner list: updated every 12 steps, buffer 0.002 nm, rlist 1.002 nm
At tolerance 0.005 kJ/mol/ps per atom, equivalent classical 1x1 list would be:
  outer list: updated every 50 steps, buffer 0.243 nm, rlist 1.243 nm
  inner list: updated every 12 steps, buffer 0.047 nm, rlist 1.047 nm

Using Geometric Lennard-Jones combination rule

Linking all bonded interactions to atoms


Initializing LINear Constraint Solver

++++ PLEASE READ AND CITE THE FOLLOWING REFERENCE ++++
B. Hess and H. Bekker and H. J. C. Berendsen and J. G. E. M. Fraaije
LINCS: A Linear Constraint Solver for molecular simulations
J. Comp. Chem. 18 (1997) pp. 1463-1472
-------- -------- --- Thank You --- -------- --------

The number of constraints is 959

++++ PLEASE READ AND CITE THE FOLLOWING REFERENCE ++++
S. Miyamoto and P. A. Kollman
SETTLE: An Analytical Version of the SHAKE and RATTLE Algorithms for Rigid
Water Models
J. Comp. Chem. 13 (1992) pp. 952-962
-------- -------- --- Thank You --- -------- --------


Intra-simulation communication will occur every 10 steps.

++++ PLEASE READ AND CITE THE FOLLOWING REFERENCE ++++
G. Bussi, D. Donadio and M. Parrinello
Canonical sampling through velocity rescaling
J. Chem. Phys. 126 (2007) pp. 014101
-------- -------- --- Thank You --- -------- --------

There are: 33876 Atoms
Atom distribution over 8 domains: av 4234 stddev 89 min 4097 max 4286
Center of mass motion removal mode is Linear
We have the following groups for center of mass motion removal:
  0:  rest

Started mdrun on rank 0 Fri Apr  1 00:41:22 2022

           Step           Time
              0        0.00000

   Energies (kJ/mol)
           Bond          Angle    Proper Dih. Ryckaert-Bell.          LJ-14
    1.52707e+03    3.69110e+03    2.23171e+02    1.87699e+03    2.73531e+03
     Coulomb-14        LJ (SR)  Disper. corr.   Coulomb (SR)   Coul. recip.
    7.70632e+03    9.27389e+04   -4.44920e+03   -6.31076e+05    3.02248e+03
 Position Rest.      Potential    Kinetic En.   Total Energy  Conserved En.
    1.25452e-01   -5.22003e+05    8.58243e+04   -4.36179e+05   -4.36158e+05
    Temperature Pres. DC (bar) Pressure (bar)   Constr. rmsd
    3.00250e+02   -2.14729e+02   -2.13214e+02    2.80040e-06


DD  step 49 load imb.: force  4.4%

step 150 Turning on dynamic load balancing, because the performance loss due to load imbalance is 2.8 %.

DD  step 499  vol min/aver 0.922  load imb.: force  1.1%
           Step           Time
            500        1.00000

   Energies (kJ/mol)
           Bond          Angle    Proper Dih. Ryckaert-Bell.          LJ-14
    1.42382e+03    3.66077e+03    2.65123e+02    1.80174e+03    2.66393e+03
     Coulomb-14        LJ (SR)  Disper. corr.   Coulomb (SR)   Coul. recip.
    7.69764e+03    9.43974e+04   -4.56533e+03   -6.34222e+05    3.06408e+03
 Position Rest.      Potential    Kinetic En.   Total Energy  Conserved En.
    4.31064e+02   -5.23381e+05    8.57235e+04   -4.37658e+05   -4.36152e+05
    Temperature Pres. DC (bar) Pressure (bar)   Constr. rmsd
    2.99897e+02   -2.26070e+02    2.11922e+02    3.39716e-06


DD  step 999  vol min/aver 0.935  load imb.: force  0.6%
           Step           Time
           1000        2.00000

   Energies (kJ/mol)
           Bond          Angle    Proper Dih. Ryckaert-Bell.          LJ-14
    1.50365e+03    3.60158e+03    2.27135e+02    1.79062e+03    2.68792e+03
     Coulomb-14        LJ (SR)  Disper. corr.   Coulomb (SR)   Coul. recip.
    7.66363e+03    9.39208e+04   -4.57888e+03   -6.33384e+05    2.88942e+03
 Position Rest.      Potential    Kinetic En.   Total Energy  Conserved En.
    4.42951e+02   -5.23235e+05    8.62885e+04   -4.36946e+05   -4.36155e+05
    Temperature Pres. DC (bar) Pressure (bar)   Constr. rmsd
    3.01874e+02   -2.27413e+02    2.38091e+02    3.19796e-06


DD  step 1499  vol min/aver 0.946  load imb.: force  0.9%
           Step           Time
           1500        3.00000

   Energies (kJ/mol)
           Bond          Angle    Proper Dih. Ryckaert-Bell.          LJ-14
    1.43736e+03    3.68624e+03    2.87615e+02    1.84448e+03    2.66331e+03
     Coulomb-14        LJ (SR)  Disper. corr.   Coulomb (SR)   Coul. recip.
    7.74144e+03    9.28126e+04   -4.56417e+03   -6.33352e+05    2.96816e+03
 Position Rest.      Potential    Kinetic En.   Total Energy  Conserved En.
    4.26963e+02   -5.24048e+05    8.52115e+04   -4.38837e+05   -4.36141e+05
    Temperature Pres. DC (bar) Pressure (bar)   Constr. rmsd
    2.98106e+02   -2.25955e+02   -1.80552e+02    2.73439e-06


DD  step 1999  vol min/aver 0.941  load imb.: force  5.6%

step 2000 Turning off dynamic load balancing, because it is degrading performance.
Atom distribution over 8 domains: av 4234 stddev 77 min 4172 max 4292
           Step           Time
           2000        4.00000

   Energies (kJ/mol)
           Bond          Angle    Proper Dih. Ryckaert-Bell.          LJ-14
    1.38735e+03    3.84858e+03    2.87211e+02    1.78859e+03    2.63834e+03
     Coulomb-14        LJ (SR)  Disper. corr.   Coulomb (SR)   Coul. recip.
    7.68732e+03    9.34612e+04   -4.55475e+03   -6.34880e+05    2.96677e+03
 Position Rest.      Potential    Kinetic En.   Total Energy  Conserved En.
    4.95883e+02   -5.24874e+05    8.56217e+04   -4.39252e+05   -4.36122e+05
    Temperature Pres. DC (bar) Pressure (bar)   Constr. rmsd
    2.99541e+02   -2.25025e+02   -1.27639e+02    2.87452e-06


DD  step 2499 load imb.: force  3.8%
           Step           Time
           2500        5.00000

   Energies (kJ/mol)
           Bond          Angle    Proper Dih. Ryckaert-Bell.          LJ-14
    1.50793e+03    3.61156e+03    2.45158e+02    1.85983e+03    2.71508e+03
     Coulomb-14        LJ (SR)  Disper. corr.   Coulomb (SR)   Coul. recip.
    7.72530e+03    9.31959e+04   -4.55020e+03   -6.34477e+05    2.90847e+03
 Position Rest.      Potential    Kinetic En.   Total Energy  Conserved En.
    4.50078e+02   -5.24808e+05    8.60852e+04   -4.38723e+05   -4.36135e+05
    Temperature Pres. DC (bar) Pressure (bar)   Constr. rmsd
    3.01163e+02   -2.24576e+02   -1.83447e+02    2.82239e-06


DD  step 2999 load imb.: force  3.6%
           Step           Time
           3000        6.00000

   Energies (kJ/mol)
           Bond          Angle    Proper Dih. Ryckaert-Bell.          LJ-14
    1.59323e+03    3.74251e+03    2.61990e+02    1.82181e+03    2.70485e+03
     Coulomb-14        LJ (SR)  Disper. corr.   Coulomb (SR)   Coul. recip.
    7.77606e+03    9.34948e+04   -4.57432e+03   -6.34719e+05    2.86778e+03
 Position Rest.      Potential    Kinetic En.   Total Energy  Conserved En.
    4.45903e+02   -5.24584e+05    8.59032e+04   -4.38681e+05   -4.36113e+05
    Temperature Pres. DC (bar) Pressure (bar)   Constr. rmsd
    3.00526e+02   -2.26961e+02   -4.01321e+01    2.95597e-06


DD  step 3499 load imb.: force  4.9%
           Step           Time
           3500        7.00000

   Energies (kJ/mol)
           Bond          Angle    Proper Dih. Ryckaert-Bell.          LJ-14
    1.47960e+03    3.79253e+03    2.62041e+02    1.80916e+03    2.57873e+03
     Coulomb-14        LJ (SR)  Disper. corr.   Coulomb (SR)   Coul. recip.
    7.76070e+03    9.38427e+04   -4.55606e+03   -6.35527e+05    2.99899e+03
 Position Rest.      Potential    Kinetic En.   Total Energy  Conserved En.
    4.94696e+02   -5.25064e+05    8.59588e+04   -4.39105e+05   -4.36123e+05
    Temperature Pres. DC (bar) Pressure (bar)   Constr. rmsd
    3.00720e+02   -2.25154e+02   -8.64942e+01    2.94718e-06


DD  step 3999 load imb.: force  3.7%
           Step           Time
           4000        8.00000

   Energies (kJ/mol)
           Bond          Angle    Proper Dih. Ryckaert-Bell.          LJ-14
    1.40789e+03    3.76564e+03    2.46709e+02    1.76348e+03    2.60617e+03
     Coulomb-14        LJ (SR)  Disper. corr.   Coulomb (SR)   Coul. recip.
    7.63791e+03    9.36224e+04   -4.56542e+03   -6.34775e+05    2.93376e+03
 Position Rest.      Potential    Kinetic En.   Total Energy  Conserved En.
    4.87481e+02   -5.24869e+05    8.62303e+04   -4.38639e+05   -4.36143e+05
    Temperature Pres. DC (bar) Pressure (bar)   Constr. rmsd
    3.01670e+02   -2.26078e+02   -7.59919e+01    2.47661e-06


DD  step 4499 load imb.: force  3.2%
           Step           Time
           4500        9.00000

   Energies (kJ/mol)
           Bond          Angle    Proper Dih. Ryckaert-Bell.          LJ-14
    1.41429e+03    3.86884e+03    2.72008e+02    1.78513e+03    2.66565e+03
     Coulomb-14        LJ (SR)  Disper. corr.   Coulomb (SR)   Coul. recip.
    7.81082e+03    9.33400e+04   -4.55670e+03   -6.33693e+05    2.82274e+03
 Position Rest.      Potential    Kinetic En.   Total Energy  Conserved En.
    4.41610e+02   -5.23829e+05    8.55340e+04   -4.38295e+05   -4.36115e+05
    Temperature Pres. DC (bar) Pressure (bar)   Constr. rmsd
    2.99234e+02   -2.25217e+02    1.26256e+01    2.80241e-06


DD  step 4999 load imb.: force  4.5%
           Step           Time
           5000       10.00000

   Energies (kJ/mol)
           Bond          Angle    Proper Dih. Ryckaert-Bell.          LJ-14
    1.42680e+03    3.69393e+03    2.69129e+02    1.81297e+03    2.63512e+03
     Coulomb-14        LJ (SR)  Disper. corr.   Coulomb (SR)   Coul. recip.
    7.72065e+03    9.34318e+04   -4.55034e+03   -6.33705e+05    2.98168e+03
 Position Rest.      Potential    Kinetic En.   Total Energy  Conserved En.
    4.70482e+02   -5.23813e+05    8.63777e+04   -4.37435e+05   -4.36140e+05
    Temperature Pres. DC (bar) Pressure (bar)   Constr. rmsd
    3.02186e+02   -2.24589e+02   -4.50070e+00    3.03059e-06


DD  step 5499 load imb.: force  3.7%
           Step           Time
           5500       11.00000

   Energies (kJ/mol)
           Bond          Angle    Proper Dih. Ryckaert-Bell.          LJ-14
    1.34041e+03    3.83304e+03    2.61365e+02    1.80525e+03    2.72092e+03
     Coulomb-14        LJ (SR)  Disper. corr.   Coulomb (SR)   Coul. recip.
    7.74969e+03    9.34116e+04   -4.55584e+03   -6.34833e+05    3.00658e+03
 Position Rest.      Potential    Kinetic En.   Total Energy  Conserved En.
    4.96477e+02   -5.24763e+05    8.60653e+04   -4.38698e+05   -4.36130e+05
    Temperature Pres. DC (bar) Pressure (bar)   Constr. rmsd
    3.01093e+02   -2.25132e+02    6.84577e+01    2.89084e-06


DD  step 5999 load imb.: force  5.4%
           Step           Time
           6000       12.00000

   Energies (kJ/mol)
           Bond          Angle    Proper Dih. Ryckaert-Bell.          LJ-14
    1.46266e+03    3.86331e+03    2.58649e+02    1.86924e+03    2.70416e+03
     Coulomb-14        LJ (SR)  Disper. corr.   Coulomb (SR)   Coul. recip.
    7.67814e+03    9.34923e+04   -4.55255e+03   -6.33439e+05    3.00632e+03
 Position Rest.      Potential    Kinetic En.   Total Energy  Conserved En.
    4.59371e+02   -5.23197e+05    8.58581e+04   -4.37339e+05   -4.36118e+05
    Temperature Pres. DC (bar) Pressure (bar)   Constr. rmsd
    3.00368e+02   -2.24807e+02    7.79100e+01    3.01254e-06


DD  step 6499 load imb.: force  4.0%
           Step           Time
           6500       13.00000

   Energies (kJ/mol)
           Bond          Angle    Proper Dih. Ryckaert-Bell.          LJ-14
    1.48450e+03    3.75739e+03    2.61538e+02    1.89609e+03    2.58630e+03
     Coulomb-14        LJ (SR)  Disper. corr.   Coulomb (SR)   Coul. recip.
    7.74076e+03    9.35189e+04   -4.55113e+03   -6.34047e+05    2.88289e+03
 Position Rest.      Potential    Kinetic En.   Total Energy  Conserved En.
    4.37426e+02   -5.24033e+05    8.55287e+04   -4.38504e+05   -4.36111e+05
    Temperature Pres. DC (bar) Pressure (bar)   Constr. rmsd
    2.99216e+02   -2.24668e+02   -1.10625e+02    2.69110e-06


DD  step 6999 load imb.: force  4.5%
           Step           Time
           7000       14.00000

   Energies (kJ/mol)
           Bond          Angle    Proper Dih. Ryckaert-Bell.          LJ-14
    1.52633e+03    3.60427e+03    2.79813e+02    1.80671e+03    2.75552e+03
     Coulomb-14        LJ (SR)  Disper. corr.   Coulomb (SR)   Coul. recip.
    7.83637e+03    9.35071e+04   -4.55983e+03   -6.35492e+05    2.91526e+03
 Position Rest.      Potential    Kinetic En.   Total Energy  Conserved En.
    4.90996e+02   -5.25330e+05    8.60120e+04   -4.39318e+05   -4.36116e+05
    Temperature Pres. DC (bar) Pressure (bar)   Constr. rmsd
    3.00906e+02   -2.25526e+02   -1.29885e+02    3.25446e-06


DD  step 7499 load imb.: force  3.5%
           Step           Time
           7500       15.00000

   Energies (kJ/mol)
           Bond          Angle    Proper Dih. Ryckaert-Bell.          LJ-14
    1.53877e+03    3.64770e+03    2.37140e+02    1.86343e+03    2.69337e+03
     Coulomb-14        LJ (SR)  Disper. corr.   Coulomb (SR)   Coul. recip.
    7.75928e+03    9.27288e+04   -4.56440e+03   -6.33815e+05    2.94668e+03
 Position Rest.      Potential    Kinetic En.   Total Energy  Conserved En.
    4.49489e+02   -5.24515e+05    8.53084e+04   -4.39206e+05   -4.36100e+05
    Temperature Pres. DC (bar) Pressure (bar)   Constr. rmsd
    2.98445e+02   -2.25978e+02   -5.24598e+01    2.90393e-06


DD  step 7999 load imb.: force  4.1%
           Step           Time
           8000       16.00000

   Energies (kJ/mol)
           Bond          Angle    Proper Dih. Ryckaert-Bell.          LJ-14
    1.46452e+03    3.71449e+03    2.72272e+02    1.72366e+03    2.69800e+03
     Coulomb-14        LJ (SR)  Disper. corr.   Coulomb (SR)   Coul. recip.
    7.78595e+03    9.31405e+04   -4.56431e+03   -6.33988e+05    2.89583e+03
 Position Rest.      Potential    Kinetic En.   Total Energy  Conserved En.
    4.43770e+02   -5.24414e+05    8.59195e+04   -4.38494e+05   -4.36121e+05
    Temperature Pres. DC (bar) Pressure (bar)   Constr. rmsd
    3.00583e+02   -2.25969e+02   -1.17494e+02    3.12217e-06


DD  step 8499 load imb.: force  4.0%
           Step           Time
           8500       17.00000

   Energies (kJ/mol)
           Bond          Angle    Proper Dih. Ryckaert-Bell.          LJ-14
    1.54202e+03    3.56393e+03    2.65608e+02    1.89580e+03    2.67266e+03
     Coulomb-14        LJ (SR)  Disper. corr.   Coulomb (SR)   Coul. recip.
    7.68919e+03    9.21477e+04   -4.54385e+03   -6.32328e+05    3.05266e+03
 Position Rest.      Potential    Kinetic En.   Total Energy  Conserved En.
    5.03467e+02   -5.23539e+05    8.57761e+04   -4.37763e+05   -4.36127e+05
    Temperature Pres. DC (bar) Pressure (bar)   Constr. rmsd
    3.00081e+02   -2.23950e+02   -2.31022e+02    3.13941e-06


DD  step 8999 load imb.: force  3.3%
           Step           Time
           9000       18.00000

   Energies (kJ/mol)
           Bond          Angle    Proper Dih. Ryckaert-Bell.          LJ-14
    1.46840e+03    3.86071e+03    2.51722e+02    1.74747e+03    2.75010e+03
     Coulomb-14        LJ (SR)  Disper. corr.   Coulomb (SR)   Coul. recip.
    7.69232e+03    9.33856e+04   -4.57282e+03   -6.34348e+05    2.96377e+03
 Position Rest.      Potential    Kinetic En.   Total Energy  Conserved En.
    4.80438e+02   -5.24320e+05    8.67186e+04   -4.37602e+05   -4.36116e+05
    Temperature Pres. DC (bar) Pressure (bar)   Constr. rmsd
    3.03379e+02   -2.26811e+02    5.64128e+01    2.95343e-06


DD  step 9499 load imb.: force  3.7%
           Step           Time
           9500       19.00000

   Energies (kJ/mol)
           Bond          Angle    Proper Dih. Ryckaert-Bell.          LJ-14
    1.39805e+03    3.65895e+03    2.75950e+02    1.80842e+03    2.73562e+03
     Coulomb-14        LJ (SR)  Disper. corr.   Coulomb (SR)   Coul. recip.
    7.73430e+03    9.41964e+04   -4.57029e+03   -6.35119e+05    2.88700e+03
 Position Rest.      Potential    Kinetic En.   Total Energy  Conserved En.
    4.96136e+02   -5.24498e+05    8.51136e+04   -4.39385e+05   -4.36103e+05
    Temperature Pres. DC (bar) Pressure (bar)   Constr. rmsd
    2.97763e+02   -2.26560e+02    1.73168e+02    2.87983e-06


DD  step 9999 load imb.: force  3.4%
           Step           Time
          10000       20.00000

   Energies (kJ/mol)
           Bond          Angle    Proper Dih. Ryckaert-Bell.          LJ-14
    1.45969e+03    3.63117e+03    2.57501e+02    1.81544e+03    2.73771e+03
     Coulomb-14        LJ (SR)  Disper. corr.   Coulomb (SR)   Coul. recip.
    7.72499e+03    9.35974e+04   -4.57720e+03   -6.34842e+05    2.96236e+03
 Position Rest.      Potential    Kinetic En.   Total Energy  Conserved En.
    5.40119e+02   -5.24693e+05    8.59222e+04   -4.38771e+05   -4.36105e+05
    Temperature Pres. DC (bar) Pressure (bar)   Constr. rmsd
    3.00592e+02   -2.27246e+02   -7.56681e+00    3.12170e-06


DD  step 10499 load imb.: force  3.1%
           Step           Time
          10500       21.00000

   Energies (kJ/mol)
           Bond          Angle    Proper Dih. Ryckaert-Bell.          LJ-14
    1.47734e+03    3.82532e+03    2.79396e+02    1.89448e+03    2.57936e+03
     Coulomb-14        LJ (SR)  Disper. corr.   Coulomb (SR)   Coul. recip.
    7.67313e+03    9.25650e+04   -4.55537e+03   -6.32799e+05    2.93787e+03
 Position Rest.      Potential    Kinetic En.   Total Energy  Conserved En.
    4.88565e+02   -5.23633e+05    8.54281e+04   -4.38205e+05   -4.36101e+05
    Temperature Pres. DC (bar) Pressure (bar)   Constr. rmsd
    2.98864e+02   -2.25085e+02   -1.06023e+02    2.65337e-06


DD  step 10999 load imb.: force  4.0%
           Step           Time
          11000       22.00000

   Energies (kJ/mol)
           Bond          Angle    Proper Dih. Ryckaert-Bell.          LJ-14
    1.56728e+03    3.70614e+03    2.74882e+02    1.78417e+03    2.65390e+03
     Coulomb-14        LJ (SR)  Disper. corr.   Coulomb (SR)   Coul. recip.
    7.79490e+03    9.32551e+04   -4.55010e+03   -6.33453e+05    3.00102e+03
 Position Rest.      Potential    Kinetic En.   Total Energy  Conserved En.
    4.69541e+02   -5.23496e+05    8.58612e+04   -4.37635e+05   -4.36093e+05
    Temperature Pres. DC (bar) Pressure (bar)   Constr. rmsd
    3.00379e+02   -2.24565e+02   -3.31487e+01    2.83331e-06


DD  step 11499 load imb.: force  4.5%
           Step           Time
          11500       23.00000

   Energies (kJ/mol)
           Bond          Angle    Proper Dih. Ryckaert-Bell.          LJ-14
    1.46983e+03    3.67596e+03    2.64198e+02    1.88107e+03    2.70688e+03
     Coulomb-14        LJ (SR)  Disper. corr.   Coulomb (SR)   Coul. recip.
    7.72103e+03    9.51997e+04   -4.58063e+03   -6.36138e+05    2.91933e+03
 Position Rest.      Potential    Kinetic En.   Total Energy  Conserved En.
    4.98801e+02   -5.24381e+05    8.59066e+04   -4.38475e+05   -4.36098e+05
    Temperature Pres. DC (bar) Pressure (bar)   Constr. rmsd
    3.00538e+02   -2.27586e+02    3.39100e+02    2.66106e-06


DD  step 11999 load imb.: force  3.5%
           Step           Time
          12000       24.00000

   Energies (kJ/mol)
           Bond          Angle    Proper Dih. Ryckaert-Bell.          LJ-14
    1.35416e+03    3.70561e+03    2.61357e+02    1.78806e+03    2.74502e+03
     Coulomb-14        LJ (SR)  Disper. corr.   Coulomb (SR)   Coul. recip.
    7.78144e+03    9.45595e+04   -4.57237e+03   -6.35763e+05    3.01989e+03
 Position Rest.      Potential    Kinetic En.   Total Energy  Conserved En.
    4.97247e+02   -5.24624e+05    8.59415e+04   -4.38682e+05   -4.36104e+05
    Temperature Pres. DC (bar) Pressure (bar)   Constr. rmsd
    3.00660e+02   -2.26767e+02    2.81128e+02    2.62020e-06


DD  step 12499 load imb.: force  3.5%
           Step           Time
          12500       25.00000

   Energies (kJ/mol)
           Bond          Angle    Proper Dih. Ryckaert-Bell.          LJ-14
    1.42664e+03    3.74224e+03    2.43420e+02    1.72445e+03    2.65874e+03
     Coulomb-14        LJ (SR)  Disper. corr.   Coulomb (SR)   Coul. recip.
    7.77341e+03    9.45252e+04   -4.57097e+03   -6.35420e+05    2.91031e+03
 Position Rest.      Potential    Kinetic En.   Total Energy  Conserved En.
    4.51387e+02   -5.24535e+05    8.62477e+04   -4.38287e+05   -4.36089e+05
    Temperature Pres. DC (bar) Pressure (bar)   Constr. rmsd
    3.01731e+02   -2.26629e+02    1.67605e+02    2.66011e-06


DD  step 12999 load imb.: force  3.2%
           Step           Time
          13000       26.00000

   Energies (kJ/mol)
           Bond          Angle    Proper Dih. Ryckaert-Bell.          LJ-14
    1.47563e+03    3.74477e+03    2.61453e+02    1.73323e+03    2.70885e+03
     Coulomb-14        LJ (SR)  Disper. corr.   Coulomb (SR)   Coul. recip.
    7.84588e+03    9.33614e+04   -4.55770e+03   -6.34898e+05    2.99088e+03
 Position Rest.      Potential    Kinetic En.   Total Energy  Conserved En.
    4.40206e+02   -5.24893e+05    8.57430e+04   -4.39150e+05   -4.36090e+05
    Temperature Pres. DC (bar) Pressure (bar)   Constr. rmsd
    2.99966e+02   -2.25316e+02   -8.63366e+01    2.83805e-06


DD  step 13499 load imb.: force  3.6%
           Step           Time
          13500       27.00000

   Energies (kJ/mol)
           Bond          Angle    Proper Dih. Ryckaert-Bell.          LJ-14
    1.52567e+03    3.77889e+03    2.48070e+02    1.80926e+03    2.61417e+03
     Coulomb-14        LJ (SR)  Disper. corr.   Coulomb (SR)   Coul. recip.
    7.71053e+03    9.49136e+04   -4.55942e+03   -6.36353e+05    2.87439e+03
 Position Rest.      Potential    Kinetic En.   Total Energy  Conserved En.
    4.41439e+02   -5.24996e+05    8.58070e+04   -4.39189e+05   -4.36062e+05
    Temperature Pres. DC (bar) Pressure (bar)   Constr. rmsd
    3.00190e+02   -2.25485e+02    1.27474e+02    2.89779e-06


DD  step 13999 load imb.: force  3.5%
           Step           Time
          14000       28.00000

   Energies (kJ/mol)
           Bond          Angle    Proper Dih. Ryckaert-Bell.          LJ-14
    1.47986e+03    3.55099e+03    2.64129e+02    1.86509e+03    2.65161e+03
     Coulomb-14        LJ (SR)  Disper. corr.   Coulomb (SR)   Coul. recip.
    7.72188e+03    9.50771e+04   -4.55808e+03   -6.36691e+05    2.92944e+03
 Position Rest.      Potential    Kinetic En.   Total Energy  Conserved En.
    4.78138e+02   -5.25230e+05    8.57234e+04   -4.39507e+05   -4.36098e+05
    Temperature Pres. DC (bar) Pressure (bar)   Constr. rmsd
    2.99897e+02   -2.25354e+02    1.96337e+02    2.59350e-06


DD  step 14499 load imb.: force  2.8%
           Step           Time
          14500       29.00000

   Energies (kJ/mol)
           Bond          Angle    Proper Dih. Ryckaert-Bell.          LJ-14
    1.44738e+03    3.70365e+03    2.83062e+02    1.86248e+03    2.66988e+03
     Coulomb-14        LJ (SR)  Disper. corr.   Coulomb (SR)   Coul. recip.
    7.74345e+03    9.21095e+04   -4.55309e+03   -6.32505e+05    2.91900e+03
 Position Rest.      Potential    Kinetic En.   Total Energy  Conserved En.
    4.69620e+02   -5.23850e+05    8.52947e+04   -4.38556e+05   -4.36098e+05
    Temperature Pres. DC (bar) Pressure (bar)   Constr. rmsd
    2.98397e+02   -2.24860e+02   -2.52034e+02    3.02387e-06


DD  step 14999 load imb.: force  3.5%
           Step           Time
          15000       30.00000

   Energies (kJ/mol)
           Bond          Angle    Proper Dih. Ryckaert-Bell.          LJ-14
    1.58040e+03    3.69358e+03    2.54108e+02    1.85725e+03    2.73689e+03
     Coulomb-14        LJ (SR)  Disper. corr.   Coulomb (SR)   Coul. recip.
    7.89317e+03    9.40593e+04   -4.54900e+03   -6.34862e+05    3.01353e+03
 Position Rest.      Potential    Kinetic En.   Total Energy  Conserved En.
    4.53012e+02   -5.23870e+05    8.62888e+04   -4.37581e+05   -4.36084e+05
    Temperature Pres. DC (bar) Pressure (bar)   Constr. rmsd
    3.01875e+02   -2.24458e+02   -4.73330e+01    2.57779e-06


DD  step 15499 load imb.: force  3.4%
           Step           Time
          15500       31.00000

   Energies (kJ/mol)
           Bond          Angle    Proper Dih. Ryckaert-Bell.          LJ-14
    1.51625e+03    3.58349e+03    2.41327e+02    1.78848e+03    2.75441e+03
     Coulomb-14        LJ (SR)  Disper. corr.   Coulomb (SR)   Coul. recip.
    7.75288e+03    9.47361e+04   -4.57130e+03   -6.35935e+05    2.93033e+03
 Position Rest.      Potential    Kinetic En.   Total Energy  Conserved En.
    4.51539e+02   -5.24752e+05    8.52327e+04   -4.39519e+05   -4.36079e+05
    Temperature Pres. DC (bar) Pressure (bar)   Constr. rmsd
    2.98180e+02   -2.26660e+02    2.28617e+02    2.93223e-06


DD  step 15999 load imb.: force  5.3%
           Step           Time
          16000       32.00000

   Energies (kJ/mol)
           Bond          Angle    Proper Dih. Ryckaert-Bell.          LJ-14
    1.44113e+03    3.66486e+03    2.63700e+02    1.88305e+03    2.59848e+03
     Coulomb-14        LJ (SR)  Disper. corr.   Coulomb (SR)   Coul. recip.
    7.74637e+03    9.27923e+04   -4.56033e+03   -6.33668e+05    2.92790e+03
 Position Rest.      Potential    Kinetic En.   Total Energy  Conserved En.
    4.54287e+02   -5.24456e+05    8.55248e+04   -4.38931e+05   -4.36093e+05
    Temperature Pres. DC (bar) Pressure (bar)   Constr. rmsd
    2.99202e+02   -2.25575e+02   -2.25637e+02    2.88166e-06


DD  step 16499 load imb.: force  4.0%
           Step           Time
          16500       33.00000

   Energies (kJ/mol)
           Bond          Angle    Proper Dih. Ryckaert-Bell.          LJ-14
    1.52247e+03    3.81890e+03    2.49195e+02    1.81376e+03    2.62841e+03
     Coulomb-14        LJ (SR)  Disper. corr.   Coulomb (SR)   Coul. recip.
    7.76075e+03    9.45842e+04   -4.55920e+03   -6.35555e+05    2.92068e+03
 Position Rest.      Potential    Kinetic En.   Total Energy  Conserved En.
    4.41396e+02   -5.24374e+05    8.58566e+04   -4.38518e+05   -4.36070e+05
    Temperature Pres. DC (bar) Pressure (bar)   Constr. rmsd
    3.00363e+02   -2.25464e+02    9.61251e+01    3.08158e-06


DD  step 16999 load imb.: force  3.1%
           Step           Time
          17000       34.00000

   Energies (kJ/mol)
           Bond          Angle    Proper Dih. Ryckaert-Bell.          LJ-14
    1.46564e+03    3.55831e+03    2.67846e+02    1.85157e+03    2.66635e+03
     Coulomb-14        LJ (SR)  Disper. corr.   Coulomb (SR)   Coul. recip.
    7.72993e+03    9.52102e+04   -4.57630e+03   -6.35891e+05    2.88421e+03
 Position Rest.      Potential    Kinetic En.   Total Energy  Conserved En.
    4.36324e+02   -5.24397e+05    8.55556e+04   -4.38841e+05   -4.36081e+05
    Temperature Pres. DC (bar) Pressure (bar)   Constr. rmsd
    2.99310e+02   -2.27156e+02    2.71181e+02    2.79946e-06


DD  step 17499 load imb.: force  3.1%
           Step           Time
          17500       35.00000

   Energies (kJ/mol)
           Bond          Angle    Proper Dih. Ryckaert-Bell.          LJ-14
    1.45033e+03    3.75331e+03    2.68081e+02    1.84603e+03    2.62329e+03
     Coulomb-14        LJ (SR)  Disper. corr.   Coulomb (SR)   Coul. recip.
    7.73279e+03    9.29078e+04   -4.55895e+03   -6.34030e+05    3.04581e+03
 Position Rest.      Potential    Kinetic En.   Total Energy  Conserved En.
    4.85088e+02   -5.24476e+05    8.61370e+04   -4.38339e+05   -4.36081e+05
    Temperature Pres. DC (bar) Pressure (bar)   Constr. rmsd
    3.01344e+02   -2.25439e+02   -1.30735e+02    2.84634e-06


DD  step 17999 load imb.: force  4.8%
           Step           Time
          18000       36.00000

   Energies (kJ/mol)
           Bond          Angle    Proper Dih. Ryckaert-Bell.          LJ-14
    1.35382e+03    3.80727e+03    3.13152e+02    1.77905e+03    2.64075e+03
     Coulomb-14        LJ (SR)  Disper. corr.   Coulomb (SR)   Coul. recip.
    7.73019e+03    9.30051e+04   -4.55054e+03   -6.33917e+05    2.98530e+03
 Position Rest.      Potential    Kinetic En.   Total Energy  Conserved En.
    4.99788e+02   -5.24354e+05    8.69142e+04   -4.37439e+05   -4.36093e+05
    Temperature Pres. DC (bar) Pressure (bar)   Constr. rmsd
    3.04063e+02   -2.24609e+02   -2.07069e+02    3.07425e-06


DD  step 18499 load imb.: force  3.9%
           Step           Time
          18500       37.00000

   Energies (kJ/mol)
           Bond          Angle    Proper Dih. Ryckaert-Bell.          LJ-14
    1.37935e+03    3.61957e+03    2.53844e+02    1.90201e+03    2.64721e+03
     Coulomb-14        LJ (SR)  Disper. corr.   Coulomb (SR)   Coul. recip.
    7.74012e+03    9.50990e+04   -4.57580e+03   -6.37972e+05    2.91916e+03
 Position Rest.      Potential    Kinetic En.   Total Energy  Conserved En.
    4.68398e+02   -5.26520e+05    8.58108e+04   -4.40709e+05   -4.36090e+05
    Temperature Pres. DC (bar) Pressure (bar)   Constr. rmsd
    3.00203e+02   -2.27107e+02    1.47539e+02    2.53973e-06


DD  step 18999 load imb.: force  4.2%
           Step           Time
          19000       38.00000

   Energies (kJ/mol)
           Bond          Angle    Proper Dih. Ryckaert-Bell.          LJ-14
    1.43471e+03    3.60787e+03    2.50459e+02    1.90120e+03    2.60766e+03
     Coulomb-14        LJ (SR)  Disper. corr.   Coulomb (SR)   Coul. recip.
    7.69860e+03    9.32712e+04   -4.56913e+03   -6.34518e+05    2.90460e+03
 Position Rest.      Potential    Kinetic En.   Total Energy  Conserved En.
    4.68627e+02   -5.24942e+05    8.67253e+04   -4.38217e+05   -4.36099e+05
    Temperature Pres. DC (bar) Pressure (bar)   Constr. rmsd
    3.03402e+02   -2.26446e+02    7.66526e+01    2.63498e-06


DD  step 19499 load imb.: force  3.3%
           Step           Time
          19500       39.00000

   Energies (kJ/mol)
           Bond          Angle    Proper Dih. Ryckaert-Bell.          LJ-14
    1.36454e+03    3.81530e+03    2.51670e+02    1.82093e+03    2.76072e+03
     Coulomb-14        LJ (SR)  Disper. corr.   Coulomb (SR)   Coul. recip.
    7.77714e+03    9.40322e+04   -4.55988e+03   -6.35517e+05    2.95344e+03
 Position Rest.      Potential    Kinetic En.   Total Energy  Conserved En.
    5.02862e+02   -5.24798e+05    8.66129e+04   -4.38185e+05   -4.36072e+05
    Temperature Pres. DC (bar) Pressure (bar)   Constr. rmsd
    3.03009e+02   -2.25531e+02    2.12775e+02    2.60868e-06


DD  step 19999 load imb.: force  4.0%

step 20000 Turning on dynamic load balancing, because the performance loss due to load imbalance is 2.1 %.
           Step           Time
          20000       40.00000

   Energies (kJ/mol)
           Bond          Angle    Proper Dih. Ryckaert-Bell.          LJ-14
    1.59056e+03    3.55733e+03    2.47877e+02    1.76059e+03    2.74192e+03
     Coulomb-14        LJ (SR)  Disper. corr.   Coulomb (SR)   Coul. recip.
    7.72004e+03    9.31754e+04   -4.56758e+03   -6.34048e+05    2.86495e+03
 Position Rest.      Potential    Kinetic En.   Total Energy  Conserved En.
    4.65233e+02   -5.24492e+05    8.58459e+04   -4.38646e+05   -4.36080e+05
    Temperature Pres. DC (bar) Pressure (bar)   Constr. rmsd
    3.00325e+02   -2.26293e+02   -5.32666e+01    3.35569e-06


DD  step 20499  vol min/aver 0.947  load imb.: force  2.0%
           Step           Time
          20500       41.00000

   Energies (kJ/mol)
           Bond          Angle    Proper Dih. Ryckaert-Bell.          LJ-14
    1.45548e+03    3.55796e+03    2.61034e+02    1.77150e+03    2.65111e+03
     Coulomb-14        LJ (SR)  Disper. corr.   Coulomb (SR)   Coul. recip.
    7.72526e+03    9.41762e+04   -4.56028e+03   -6.35810e+05    2.87331e+03
 Position Rest.      Potential    Kinetic En.   Total Energy  Conserved En.
    4.52689e+02   -5.25446e+05    8.52260e+04   -4.40220e+05   -4.36077e+05
    Temperature Pres. DC (bar) Pressure (bar)   Constr. rmsd
    2.98157e+02   -2.25571e+02   -2.70446e+01    2.79398e-06


DD  step 20999  vol min/aver 0.928  load imb.: force  2.0%

step 21000 Turning off dynamic load balancing, because it is degrading performance.
Atom distribution over 8 domains: av 4234 stddev 82 min 4171 max 4323
           Step           Time
          21000       42.00000

   Energies (kJ/mol)
           Bond          Angle    Proper Dih. Ryckaert-Bell.          LJ-14
    1.33995e+03    3.83203e+03    2.64340e+02    1.77000e+03    2.67446e+03
     Coulomb-14        LJ (SR)  Disper. corr.   Coulomb (SR)   Coul. recip.
    7.87475e+03    9.22448e+04   -4.56242e+03   -6.33962e+05    2.86116e+03
 Position Rest.      Potential    Kinetic En.   Total Energy  Conserved En.
    4.66679e+02   -5.25197e+05    8.57849e+04   -4.39412e+05   -4.36096e+05
    Temperature Pres. DC (bar) Pressure (bar)   Constr. rmsd
    3.00112e+02   -2.25782e+02   -3.26644e+02    2.80706e-06


DD  step 21499 load imb.: force  3.6%
           Step           Time
          21500       43.00000

   Energies (kJ/mol)
           Bond          Angle    Proper Dih. Ryckaert-Bell.          LJ-14
    1.33128e+03    3.58725e+03    2.69534e+02    1.83058e+03    2.69827e+03
     Coulomb-14        LJ (SR)  Disper. corr.   Coulomb (SR)   Coul. recip.
    7.75099e+03    9.36408e+04   -4.56534e+03   -6.35768e+05    2.91613e+03
 Position Rest.      Potential    Kinetic En.   Total Energy  Conserved En.
    4.60025e+02   -5.25849e+05    8.48370e+04   -4.41012e+05   -4.36073e+05
    Temperature Pres. DC (bar) Pressure (bar)   Constr. rmsd
    2.96796e+02   -2.26071e+02    4.58244e+01    3.05977e-06


DD  step 21999 load imb.: force  3.9%
           Step           Time
          22000       44.00000

   Energies (kJ/mol)
           Bond          Angle    Proper Dih. Ryckaert-Bell.          LJ-14
    1.50048e+03    3.97523e+03    2.69522e+02    1.81513e+03    2.63080e+03
     Coulomb-14        LJ (SR)  Disper. corr.   Coulomb (SR)   Coul. recip.
    7.71878e+03    9.31828e+04   -4.55093e+03   -6.32619e+05    2.91040e+03
 Position Rest.      Potential    Kinetic En.   Total Energy  Conserved En.
    4.85920e+02   -5.22681e+05    8.61736e+04   -4.36507e+05   -4.36059e+05
    Temperature Pres. DC (bar) Pressure (bar)   Constr. rmsd
    3.01472e+02   -2.24647e+02   -3.18066e+01    3.10301e-06


DD  step 22499 load imb.: force  3.7%
           Step           Time
          22500       45.00000

   Energies (kJ/mol)
           Bond          Angle    Proper Dih. Ryckaert-Bell.          LJ-14
    1.39462e+03    3.79661e+03    2.37312e+02    1.72682e+03    2.65194e+03
     Coulomb-14        LJ (SR)  Disper. corr.   Coulomb (SR)   Coul. recip.
    7.82183e+03    9.40967e+04   -4.56191e+03   -6.35726e+05    2.98903e+03
 Position Rest.      Potential    Kinetic En.   Total Energy  Conserved En.
    4.75696e+02   -5.25097e+05    8.57576e+04   -4.39339e+05   -4.36084e+05
    Temperature Pres. DC (bar) Pressure (bar)   Constr. rmsd
    3.00016e+02   -2.25732e+02   -4.51821e+01    2.83154e-06


DD  step 22999 load imb.: force  3.3%
           Step           Time
          23000       46.00000

   Energies (kJ/mol)
           Bond          Angle    Proper Dih. Ryckaert-Bell.          LJ-14
    1.43914e+03    3.68227e+03    2.37193e+02    1.82325e+03    2.66833e+03
     Coulomb-14        LJ (SR)  Disper. corr.   Coulomb (SR)   Coul. recip.
    7.79592e+03    9.41187e+04   -4.56936e+03   -6.35809e+05    2.98139e+03
 Position Rest.      Potential    Kinetic En.   Total Energy  Conserved En.
    4.38533e+02   -5.25194e+05    8.58360e+04   -4.39358e+05   -4.36087e+05
    Temperature Pres. DC (bar) Pressure (bar)   Constr. rmsd
    3.00291e+02   -2.26469e+02    4.78117e+01    3.17109e-06


DD  step 23499 load imb.: force  3.5%
           Step           Time
          23500       47.00000

   Energies (kJ/mol)
           Bond          Angle    Proper Dih. Ryckaert-Bell.          LJ-14
    1.42118e+03    3.72906e+03    2.20253e+02    1.76874e+03    2.60041e+03
     Coulomb-14        LJ (SR)  Disper. corr.   Coulomb (SR)   Coul. recip.
    7.59894e+03    9.18264e+04   -4.55702e+03   -6.32906e+05    2.95872e+03
 Position Rest.      Potential    Kinetic En.   Total Energy  Conserved En.
    4.32189e+02   -5.24907e+05    8.52350e+04   -4.39672e+05   -4.36050e+05
    Temperature Pres. DC (bar) Pressure (bar)   Constr. rmsd
    2.98188e+02   -2.25249e+02   -3.08577e+02    2.71084e-06


DD  step 23999 load imb.: force  5.8%
           Step           Time
          24000       48.00000

   Energies (kJ/mol)
           Bond          Angle    Proper Dih. Ryckaert-Bell.          LJ-14
    1.46555e+03    3.63870e+03    2.13842e+02    1.82637e+03    2.66974e+03
     Coulomb-14        LJ (SR)  Disper. corr.   Coulomb (SR)   Coul. recip.
    7.75355e+03    9.38736e+04   -4.57900e+03   -6.36168e+05    2.88693e+03
 Position Rest.      Potential    Kinetic En.   Total Energy  Conserved En.
    4.43827e+02   -5.25975e+05    8.57895e+04   -4.40185e+05   -4.36066e+05
    Temperature Pres. DC (bar) Pressure (bar)   Constr. rmsd
    3.00128e+02   -2.27424e+02    2.66063e+00    2.66337e-06


DD  step 24499 load imb.: force  3.6%
           Step           Time
          24500       49.00000

   Energies (kJ/mol)
           Bond          Angle    Proper Dih. Ryckaert-Bell.          LJ-14
    1.40225e+03    3.65269e+03    2.32352e+02    1.86055e+03    2.61374e+03
     Coulomb-14        LJ (SR)  Disper. corr.   Coulomb (SR)   Coul. recip.
    7.77133e+03    9.38953e+04   -4.56331e+03   -6.35943e+05    2.90710e+03
 Position Rest.      Potential    Kinetic En.   Total Energy  Conserved En.
    4.73934e+02   -5.25697e+05    8.57868e+04   -4.39910e+05   -4.36063e+05
    Temperature Pres. DC (bar) Pressure (bar)   Constr. rmsd
    3.00119e+02   -2.25870e+02   -2.93058e+00    2.64427e-06


DD  step 24999 load imb.: force  3.5%

step 25000 Will no longer try dynamic load balancing, as it degraded performance.
           Step           Time
          25000       50.00000

   Energies (kJ/mol)
           Bond          Angle    Proper Dih. Ryckaert-Bell.          LJ-14
    1.38653e+03    3.78994e+03    2.61770e+02    1.85242e+03    2.69192e+03
     Coulomb-14        LJ (SR)  Disper. corr.   Coulomb (SR)   Coul. recip.
    7.72552e+03    9.36074e+04   -4.57194e+03   -6.34965e+05    2.88685e+03
 Position Rest.      Potential    Kinetic En.   Total Energy  Conserved En.
    4.19955e+02   -5.24914e+05    8.70435e+04   -4.37871e+05   -4.36075e+05
    Temperature Pres. DC (bar) Pressure (bar)   Constr. rmsd
    3.04515e+02   -2.26725e+02    9.13804e+01    3.03794e-06


DD  step 25499 load imb.: force  4.0%
           Step           Time
          25500       51.00000

   Energies (kJ/mol)
           Bond          Angle    Proper Dih. Ryckaert-Bell.          LJ-14
    1.43573e+03    3.68952e+03    2.49103e+02    1.87542e+03    2.68617e+03
     Coulomb-14        LJ (SR)  Disper. corr.   Coulomb (SR)   Coul. recip.
    7.72471e+03    9.37998e+04   -4.55459e+03   -6.34414e+05    2.90027e+03
 Position Rest.      Potential    Kinetic En.   Total Energy  Conserved En.
    4.85556e+02   -5.24123e+05    8.64333e+04   -4.37690e+05   -4.36054e+05
    Temperature Pres. DC (bar) Pressure (bar)   Constr. rmsd
    3.02380e+02   -2.25009e+02    1.84988e+02    2.81648e-06


DD  step 25999 load imb.: force  4.4%
           Step           Time
          26000       52.00000

   Energies (kJ/mol)
           Bond          Angle    Proper Dih. Ryckaert-Bell.          LJ-14
    1.48795e+03    3.72802e+03    2.42729e+02    1.77317e+03    2.66338e+03
     Coulomb-14        LJ (SR)  Disper. corr.   Coulomb (SR)   Coul. recip.
    7.74488e+03    9.44698e+04   -4.55557e+03   -6.36112e+05    2.95770e+03
 Position Rest.      Potential    Kinetic En.   Total Energy  Conserved En.
    4.75311e+02   -5.25124e+05    8.58213e+04   -4.39303e+05   -4.36042e+05
    Temperature Pres. DC (bar) Pressure (bar)   Constr. rmsd
    3.00239e+02   -2.25105e+02   -6.22039e+01    2.68816e-06


DD  step 26499 load imb.: force  3.5%
           Step           Time
          26500       53.00000

   Energies (kJ/mol)
           Bond          Angle    Proper Dih. Ryckaert-Bell.          LJ-14
    1.47957e+03    3.85100e+03    2.64967e+02    1.85082e+03    2.71925e+03
     Coulomb-14        LJ (SR)  Disper. corr.   Coulomb (SR)   Coul. recip.
    7.65423e+03    9.49675e+04   -4.56330e+03   -6.35380e+05    2.89499e+03
 Position Rest.      Potential    Kinetic En.   Total Energy  Conserved En.
    4.91820e+02   -5.23769e+05    8.58015e+04   -4.37968e+05   -4.36039e+05
    Temperature Pres. DC (bar) Pressure (bar)   Constr. rmsd
    3.00170e+02   -2.25869e+02    3.06023e+02    2.68697e-06


DD  step 26999 load imb.: force  4.0%
           Step           Time
          27000       54.00000

   Energies (kJ/mol)
           Bond          Angle    Proper Dih. Ryckaert-Bell.          LJ-14
    1.36565e+03    3.69969e+03    2.46242e+02    1.93807e+03    2.67445e+03
     Coulomb-14        LJ (SR)  Disper. corr.   Coulomb (SR)   Coul. recip.
    7.73726e+03    9.35165e+04   -4.54558e+03   -6.35081e+05    2.95241e+03
 Position Rest.      Potential    Kinetic En.   Total Energy  Conserved En.
    5.16364e+02   -5.24980e+05    8.62937e+04   -4.38687e+05   -4.36055e+05
    Temperature Pres. DC (bar) Pressure (bar)   Constr. rmsd
    3.01892e+02   -2.24120e+02    2.61454e+01    2.74819e-06


DD  step 27499 load imb.: force  4.7%
           Step           Time
          27500       55.00000

   Energies (kJ/mol)
           Bond          Angle    Proper Dih. Ryckaert-Bell.          LJ-14
    1.50955e+03    3.66021e+03    2.87734e+02    1.97674e+03    2.68951e+03
     Coulomb-14        LJ (SR)  Disper. corr.   Coulomb (SR)   Coul. recip.
    7.79374e+03    9.52970e+04   -4.58086e+03   -6.37974e+05    2.87443e+03
 Position Rest.      Potential    Kinetic En.   Total Energy  Conserved En.
    4.61850e+02   -5.26004e+05    8.52098e+04   -4.40794e+05   -4.36019e+05
    Temperature Pres. DC (bar) Pressure (bar)   Constr. rmsd
    2.98100e+02   -2.27608e+02    3.44302e+02    2.85215e-06


DD  step 27999 load imb.: force  6.0%
           Step           Time
          28000       56.00000

   Energies (kJ/mol)
           Bond          Angle    Proper Dih. Ryckaert-Bell.          LJ-14
    1.36698e+03    3.89164e+03    2.33766e+02    1.79040e+03    2.64522e+03
     Coulomb-14        LJ (SR)  Disper. corr.   Coulomb (SR)   Coul. recip.
    7.67248e+03    9.29670e+04   -4.55454e+03   -6.34482e+05    2.86230e+03
 Position Rest.      Potential    Kinetic En.   Total Energy  Conserved En.
    4.43351e+02   -5.25163e+05    8.51240e+04   -4.40039e+05   -4.36035e+05
    Temperature Pres. DC (bar) Pressure (bar)   Constr. rmsd
    2.97800e+02   -2.25004e+02   -2.04115e+02    2.81673e-06


DD  step 28499 load imb.: force  4.0%
           Step           Time
          28500       57.00000

   Energies (kJ/mol)
           Bond          Angle    Proper Dih. Ryckaert-Bell.          LJ-14
    1.46484e+03    3.81015e+03    2.23704e+02    1.89696e+03    2.58364e+03
     Coulomb-14        LJ (SR)  Disper. corr.   Coulomb (SR)   Coul. recip.
    7.74516e+03    9.32560e+04   -4.56410e+03   -6.33724e+05    2.88969e+03
 Position Rest.      Potential    Kinetic En.   Total Energy  Conserved En.
    4.59419e+02   -5.23958e+05    8.64636e+04   -4.37495e+05   -4.36046e+05
    Temperature Pres. DC (bar) Pressure (bar)   Constr. rmsd
    3.02486e+02   -2.25948e+02   -1.03796e+01    2.97783e-06


DD  step 28999 load imb.: force  4.0%
           Step           Time
          29000       58.00000

   Energies (kJ/mol)
           Bond          Angle    Proper Dih. Ryckaert-Bell.          LJ-14
    1.53083e+03    3.74357e+03    2.34739e+02    1.89998e+03    2.69264e+03
     Coulomb-14        LJ (SR)  Disper. corr.   Coulomb (SR)   Coul. recip.
    7.77227e+03    9.30893e+04   -4.56350e+03   -6.34446e+05    2.90477e+03
 Position Rest.      Potential    Kinetic En.   Total Energy  Conserved En.
    5.31810e+02   -5.24609e+05    8.55032e+04   -4.39106e+05   -4.36015e+05
    Temperature Pres. DC (bar) Pressure (bar)   Constr. rmsd
    2.99126e+02   -2.25889e+02   -1.52624e+02    2.86641e-06


DD  step 29499 load imb.: force  3.4%
           Step           Time
          29500       59.00000

   Energies (kJ/mol)
           Bond          Angle    Proper Dih. Ryckaert-Bell.          LJ-14
    1.47320e+03    3.76261e+03    2.64395e+02    1.83395e+03    2.65026e+03
     Coulomb-14        LJ (SR)  Disper. corr.   Coulomb (SR)   Coul. recip.
    7.82640e+03    9.45302e+04   -4.55922e+03   -6.36834e+05    2.83944e+03
 Position Rest.      Potential    Kinetic En.   Total Energy  Conserved En.
    4.51686e+02   -5.25761e+05    8.52995e+04   -4.40462e+05   -4.36022e+05
    Temperature Pres. DC (bar) Pressure (bar)   Constr. rmsd
    2.98414e+02   -2.25466e+02   -3.37337e+01    2.50735e-06


DD  step 29999 load imb.: force  3.8%
           Step           Time
          30000       60.00000

   Energies (kJ/mol)
           Bond          Angle    Proper Dih. Ryckaert-Bell.          LJ-14
    1.46695e+03    3.61002e+03    2.57051e+02    1.90333e+03    2.64504e+03
     Coulomb-14        LJ (SR)  Disper. corr.   Coulomb (SR)   Coul. recip.
    7.66968e+03    9.30505e+04   -4.54188e+03   -6.34307e+05    2.98863e+03
 Position Rest.      Potential    Kinetic En.   Total Energy  Conserved En.
    4.99342e+02   -5.24758e+05    8.58240e+04   -4.38934e+05   -4.36045e+05
    Temperature Pres. DC (bar) Pressure (bar)   Constr. rmsd
    3.00249e+02   -2.23756e+02   -2.70327e+02    2.56860e-06


DD  step 30499 load imb.: force  3.3%
           Step           Time
          30500       61.00000

   Energies (kJ/mol)
           Bond          Angle    Proper Dih. Ryckaert-Bell.          LJ-14
    1.39659e+03    3.74498e+03    2.42617e+02    1.83243e+03    2.68406e+03
     Coulomb-14        LJ (SR)  Disper. corr.   Coulomb (SR)   Coul. recip.
    7.69727e+03    9.29708e+04   -4.56054e+03   -6.34505e+05    2.87424e+03
 Position Rest.      Potential    Kinetic En.   Total Energy  Conserved En.
    5.31615e+02   -5.25091e+05    8.53469e+04   -4.39744e+05   -4.36039e+05
    Temperature Pres. DC (bar) Pressure (bar)   Constr. rmsd
    2.98580e+02   -2.25596e+02   -1.65720e+01    2.92268e-06


DD  step 30999 load imb.: force  4.7%
           Step           Time
          31000       62.00000

   Energies (kJ/mol)
           Bond          Angle    Proper Dih. Ryckaert-Bell.          LJ-14
    1.49610e+03    3.50450e+03    2.51287e+02    1.80414e+03    2.69869e+03
     Coulomb-14        LJ (SR)  Disper. corr.   Coulomb (SR)   Coul. recip.
    7.79090e+03    9.37796e+04   -4.54649e+03   -6.35310e+05    2.84826e+03
 Position Rest.      Potential    Kinetic En.   Total Energy  Conserved En.
    5.09429e+02   -5.25174e+05    8.50666e+04   -4.40107e+05   -4.36050e+05
    Temperature Pres. DC (bar) Pressure (bar)   Constr. rmsd
    2.97599e+02   -2.24210e+02   -5.13984e+01    2.83094e-06


DD  step 31499 load imb.: force  4.6%
           Step           Time
          31500       63.00000

   Energies (kJ/mol)
           Bond          Angle    Proper Dih. Ryckaert-Bell.          LJ-14
    1.41663e+03    3.65597e+03    2.37270e+02    1.86029e+03    2.67459e+03
     Coulomb-14        LJ (SR)  Disper. corr.   Coulomb (SR)   Coul. recip.
    7.72256e+03    9.42086e+04   -4.57358e+03   -6.36392e+05    2.92844e+03
 Position Rest.      Potential    Kinetic En.   Total Energy  Conserved En.
    5.05119e+02   -5.25756e+05    8.48530e+04   -4.40903e+05   -4.36011e+05
    Temperature Pres. DC (bar) Pressure (bar)   Constr. rmsd
    2.96852e+02   -2.26887e+02    6.08207e+01    2.74469e-06


DD  step 31999 load imb.: force  4.0%
           Step           Time
          32000       64.00000

   Energies (kJ/mol)
           Bond          Angle    Proper Dih. Ryckaert-Bell.          LJ-14
    1.40603e+03    3.64215e+03    3.05471e+02    1.88910e+03    2.76419e+03
     Coulomb-14        LJ (SR)  Disper. corr.   Coulomb (SR)   Coul. recip.
    7.74351e+03    9.42219e+04   -4.55830e+03   -6.34789e+05    2.91797e+03
 Position Rest.      Potential    Kinetic En.   Total Energy  Conserved En.
    5.16666e+02   -5.23940e+05    8.66267e+04   -4.37314e+05   -4.36058e+05
    Temperature Pres. DC (bar) Pressure (bar)   Constr. rmsd
    3.03057e+02   -2.25375e+02    1.85468e+02    3.14000e-06


DD  step 32499 load imb.: force  4.3%
           Step           Time
          32500       65.00000

   Energies (kJ/mol)
           Bond          Angle    Proper Dih. Ryckaert-Bell.          LJ-14
    1.52844e+03    3.65621e+03    2.47672e+02    1.81260e+03    2.67375e+03
     Coulomb-14        LJ (SR)  Disper. corr.   Coulomb (SR)   Coul. recip.
    7.76159e+03    9.41727e+04   -4.57084e+03   -6.34827e+05    3.01025e+03
 Position Rest.      Potential    Kinetic En.   Total Energy  Conserved En.
    5.26746e+02   -5.24008e+05    8.68560e+04   -4.37152e+05   -4.36033e+05
    Temperature Pres. DC (bar) Pressure (bar)   Constr. rmsd
    3.03859e+02   -2.26615e+02    2.61876e+02    3.23870e-06


DD  step 32999 load imb.: force  3.8%
           Step           Time
          33000       66.00000

   Energies (kJ/mol)
           Bond          Angle    Proper Dih. Ryckaert-Bell.          LJ-14
    1.49423e+03    3.50501e+03    2.60672e+02    1.85650e+03    2.65804e+03
     Coulomb-14        LJ (SR)  Disper. corr.   Coulomb (SR)   Coul. recip.
    7.80155e+03    9.31035e+04   -4.53816e+03   -6.34908e+05    3.00386e+03
 Position Rest.      Potential    Kinetic En.   Total Energy  Conserved En.
    4.58886e+02   -5.25304e+05    8.54491e+04   -4.39855e+05   -4.36040e+05
    Temperature Pres. DC (bar) Pressure (bar)   Constr. rmsd
    2.98937e+02   -2.23390e+02   -1.25638e+02    2.81294e-06


DD  step 33499 load imb.: force  4.5%
           Step           Time
          33500       67.00000

   Energies (kJ/mol)
           Bond          Angle    Proper Dih. Ryckaert-Bell.          LJ-14
    1.42540e+03    3.70828e+03    2.31313e+02    1.86668e+03    2.72529e+03
     Coulomb-14        LJ (SR)  Disper. corr.   Coulomb (SR)   Coul. recip.
    7.76688e+03    9.34218e+04   -4.57491e+03   -6.35520e+05    2.87625e+03
 Position Rest.      Potential    Kinetic En.   Total Energy  Conserved En.
    4.82955e+02   -5.25590e+05    8.65745e+04   -4.39015e+05   -4.36036e+05
    Temperature Pres. DC (bar) Pressure (bar)   Constr. rmsd
    3.02874e+02   -2.27019e+02    1.12626e+02    2.58059e-06


DD  step 33999 load imb.: force  3.6%
           Step           Time
          34000       68.00000

   Energies (kJ/mol)
           Bond          Angle    Proper Dih. Ryckaert-Bell.          LJ-14
    1.40209e+03    3.46219e+03    2.59725e+02    1.82290e+03    2.72897e+03
     Coulomb-14        LJ (SR)  Disper. corr.   Coulomb (SR)   Coul. recip.
    7.73486e+03    9.28199e+04   -4.57991e+03   -6.34862e+05    2.92422e+03
 Position Rest.      Potential    Kinetic En.   Total Energy  Conserved En.
    4.51470e+02   -5.25835e+05    8.53383e+04   -4.40497e+05   -4.36024e+05
    Temperature Pres. DC (bar) Pressure (bar)   Constr. rmsd
    2.98549e+02   -2.27515e+02   -2.74509e+01    3.32081e-06


DD  step 34499 load imb.: force  3.1%
           Step           Time
          34500       69.00000

   Energies (kJ/mol)
           Bond          Angle    Proper Dih. Ryckaert-Bell.          LJ-14
    1.41140e+03    3.72355e+03    2.56455e+02    1.84047e+03    2.68593e+03
     Coulomb-14        LJ (SR)  Disper. corr.   Coulomb (SR)   Coul. recip.
    7.72075e+03    9.26999e+04   -4.58384e+03   -6.33961e+05    2.87048e+03
 Position Rest.      Potential    Kinetic En.   Total Energy  Conserved En.
    4.70974e+02   -5.24865e+05    8.60121e+04   -4.38853e+05   -4.36030e+05
    Temperature Pres. DC (bar) Pressure (bar)   Constr. rmsd
    3.00907e+02   -2.27905e+02   -1.28874e+02    2.85628e-06


DD  step 34999 load imb.: force  4.2%
           Step           Time
          35000       70.00000

   Energies (kJ/mol)
           Bond          Angle    Proper Dih. Ryckaert-Bell.          LJ-14
    1.34789e+03    3.74555e+03    2.46545e+02    1.88688e+03    2.61715e+03
     Coulomb-14        LJ (SR)  Disper. corr.   Coulomb (SR)   Coul. recip.
    7.66780e+03    9.33390e+04   -4.58010e+03   -6.35124e+05    2.88433e+03
 Position Rest.      Potential    Kinetic En.   Total Energy  Conserved En.
    5.10841e+02   -5.25458e+05    8.53849e+04   -4.40074e+05   -4.36014e+05
    Temperature Pres. DC (bar) Pressure (bar)   Constr. rmsd
    2.98713e+02   -2.27534e+02   -7.52883e+00    3.05735e-06


DD  step 35499 load imb.: force  4.4%
           Step           Time
          35500       71.00000

   Energies (kJ/mol)
           Bond          Angle    Proper Dih. Ryckaert-Bell.          LJ-14
    1.40117e+03    3.71320e+03    2.23083e+02    1.84066e+03    2.66424e+03
     Coulomb-14        LJ (SR)  Disper. corr.   Coulomb (SR)   Coul. recip.
    7.69155e+03    9.37169e+04   -4.58189e+03   -6.35606e+05    2.92026e+03
 Position Rest.      Potential    Kinetic En.   Total Energy  Conserved En.
    4.56563e+02   -5.25560e+05    8.56390e+04   -4.39921e+05   -4.36020e+05
    Temperature Pres. DC (bar) Pressure (bar)   Constr. rmsd
    2.99602e+02   -2.27711e+02    5.64187e+01    3.13491e-06


DD  step 35999 load imb.: force  2.2%
           Step           Time
          36000       72.00000

   Energies (kJ/mol)
           Bond          Angle    Proper Dih. Ryckaert-Bell.          LJ-14
    1.36662e+03    3.49409e+03    2.79562e+02    1.83968e+03    2.71298e+03
     Coulomb-14        LJ (SR)  Disper. corr.   Coulomb (SR)   Coul. recip.
    7.80476e+03    9.37783e+04   -4.56912e+03   -6.35344e+05    2.89507e+03
 Position Rest.      Potential    Kinetic En.   Total Energy  Conserved En.
    4.38909e+02   -5.25303e+05    8.47725e+04   -4.40531e+05   -4.36018e+05
    Temperature Pres. DC (bar) Pressure (bar)   Constr. rmsd
    2.96570e+02   -2.26445e+02    3.42890e+01    2.80221e-06


DD  step 36499 load imb.: force  3.9%
           Step           Time
          36500       73.00000

   Energies (kJ/mol)
           Bond          Angle    Proper Dih. Ryckaert-Bell.          LJ-14
    1.37111e+03    3.84587e+03    2.64365e+02    1.78171e+03    2.75624e+03
     Coulomb-14        LJ (SR)  Disper. corr.   Coulomb (SR)   Coul. recip.
    7.76762e+03    9.16659e+04   -4.54578e+03   -6.31772e+05    3.00138e+03
 Position Rest.      Potential    Kinetic En.   Total Energy  Conserved En.
    4.86837e+02   -5.23377e+05    8.65834e+04   -4.36794e+05   -4.36016e+05
    Temperature Pres. DC (bar) Pressure (bar)   Constr. rmsd
    3.02906e+02   -2.24140e+02   -2.38133e+02    2.90466e-06


DD  step 36999 load imb.: force  4.7%
           Step           Time
          37000       74.00000

   Energies (kJ/mol)
           Bond          Angle    Proper Dih. Ryckaert-Bell.          LJ-14
    1.35940e+03    3.73529e+03    2.57137e+02    1.85548e+03    2.66340e+03
     Coulomb-14        LJ (SR)  Disper. corr.   Coulomb (SR)   Coul. recip.
    7.77131e+03    9.32029e+04   -4.56921e+03   -6.33703e+05    2.96063e+03
 Position Rest.      Potential    Kinetic En.   Total Energy  Conserved En.
    4.70620e+02   -5.23996e+05    8.59222e+04   -4.38074e+05   -4.36024e+05
    Temperature Pres. DC (bar) Pressure (bar)   Constr. rmsd
    3.00592e+02   -2.26454e+02    2.31977e+01    3.43595e-06


DD  step 37499 load imb.: force  3.5%
           Step           Time
          37500       75.00000

   Energies (kJ/mol)
           Bond          Angle    Proper Dih. Ryckaert-Bell.          LJ-14
    1.35011e+03    3.74326e+03    2.50290e+02    1.82134e+03    2.63262e+03
     Coulomb-14        LJ (SR)  Disper. corr.   Coulomb (SR)   Coul. recip.
    7.72560e+03    9.36545e+04   -4.56732e+03   -6.34604e+05    2.94399e+03
 Position Rest.      Potential    Kinetic En.   Total Energy  Conserved En.
    4.72870e+02   -5.24577e+05    8.54050e+04   -4.39172e+05   -4.36020e+05
    Temperature Pres. DC (bar) Pressure (bar)   Constr. rmsd
    2.98783e+02   -2.26267e+02    1.08065e+02    2.79328e-06


DD  step 37999 load imb.: force  2.8%
           Step           Time
          38000       76.00000

   Energies (kJ/mol)
           Bond          Angle    Proper Dih. Ryckaert-Bell.          LJ-14
    1.30744e+03    3.83085e+03    2.45255e+02    1.81933e+03    2.73212e+03
     Coulomb-14        LJ (SR)  Disper. corr.   Coulomb (SR)   Coul. recip.
    7.73360e+03    9.36899e+04   -4.55705e+03   -6.34649e+05    2.95840e+03
 Position Rest.      Potential    Kinetic En.   Total Energy  Conserved En.
    5.17783e+02   -5.24371e+05    8.55434e+04   -4.38828e+05   -4.36010e+05
    Temperature Pres. DC (bar) Pressure (bar)   Constr. rmsd
    2.99267e+02   -2.25251e+02    1.54126e+02    2.75709e-06


DD  step 38499 load imb.: force  4.5%
           Step           Time
          38500       77.00000

   Energies (kJ/mol)
           Bond          Angle    Proper Dih. Ryckaert-Bell.          LJ-14
    1.35133e+03    3.64091e+03    2.13794e+02    1.82655e+03    2.68528e+03
     Coulomb-14        LJ (SR)  Disper. corr.   Coulomb (SR)   Coul. recip.
    7.68158e+03    9.44098e+04   -4.55510e+03   -6.35939e+05    2.94513e+03
 Position Rest.      Potential    Kinetic En.   Total Energy  Conserved En.
    4.58002e+02   -5.25282e+05    8.48819e+04   -4.40400e+05   -4.36011e+05
    Temperature Pres. DC (bar) Pressure (bar)   Constr. rmsd
    2.96953e+02   -2.25059e+02    1.08361e+02    3.02067e-06


DD  step 38999 load imb.: force  4.1%
           Step           Time
          39000       78.00000

   Energies (kJ/mol)
           Bond          Angle    Proper Dih. Ryckaert-Bell.          LJ-14
    1.33731e+03    3.67073e+03    2.26297e+02    1.76302e+03    2.70171e+03
     Coulomb-14        LJ (SR)  Disper. corr.   Coulomb (SR)   Coul. recip.
    7.77992e+03    9.34983e+04   -4.56070e+03   -6.35421e+05    2.93110e+03
 Position Rest.      Potential    Kinetic En.   Total Energy  Conserved En.
    4.31598e+02   -5.25642e+05    8.60231e+04   -4.39618e+05   -4.36028e+05
    Temperature Pres. DC (bar) Pressure (bar)   Constr. rmsd
    3.00945e+02   -2.25612e+02    3.51938e+01    3.01217e-06


DD  step 39499 load imb.: force  3.9%
           Step           Time
          39500       79.00000

   Energies (kJ/mol)
           Bond          Angle    Proper Dih. Ryckaert-Bell.          LJ-14
    1.44865e+03    3.55895e+03    2.82908e+02    1.80357e+03    2.65933e+03
     Coulomb-14        LJ (SR)  Disper. corr.   Coulomb (SR)   Coul. recip.
    7.68509e+03    9.20510e+04   -4.56396e+03   -6.33342e+05    2.95000e+03
 Position Rest.      Potential    Kinetic En.   Total Energy  Conserved En.
    4.83364e+02   -5.24983e+05    8.51467e+04   -4.39836e+05   -4.36011e+05
    Temperature Pres. DC (bar) Pressure (bar)   Constr. rmsd
    2.97879e+02   -2.25935e+02   -2.88804e+02    2.75920e-06


DD  step 39999 load imb.: force  3.9%
           Step           Time
          40000       80.00000

   Energies (kJ/mol)
           Bond          Angle    Proper Dih. Ryckaert-Bell.          LJ-14
    1.61805e+03    3.74915e+03    2.50706e+02    1.76294e+03    2.65239e+03
     Coulomb-14        LJ (SR)  Disper. corr.   Coulomb (SR)   Coul. recip.
    7.68315e+03    9.27935e+04   -4.57841e+03   -6.33397e+05    2.88148e+03
 Position Rest.      Potential    Kinetic En.   Total Energy  Conserved En.
    4.49398e+02   -5.24135e+05    8.58709e+04   -4.38264e+05   -4.35992e+05
    Temperature Pres. DC (bar) Pressure (bar)   Constr. rmsd
    3.00413e+02   -2.27365e+02   -5.84379e+01    2.93745e-06


DD  step 40499 load imb.: force  3.4%
           Step           Time
          40500       81.00000

   Energies (kJ/mol)
           Bond          Angle    Proper Dih. Ryckaert-Bell.          LJ-14
    1.48362e+03    3.65352e+03    2.26450e+02    1.74995e+03    2.69260e+03
     Coulomb-14        LJ (SR)  Disper. corr.   Coulomb (SR)   Coul. recip.
    7.77085e+03    9.27324e+04   -4.55822e+03   -6.33746e+05    2.85511e+03
 Position Rest.      Potential    Kinetic En.   Total Energy  Conserved En.
    4.76395e+02   -5.24663e+05    8.59811e+04   -4.38682e+05   -4.36024e+05
    Temperature Pres. DC (bar) Pressure (bar)   Constr. rmsd
    3.00798e+02   -2.25367e+02   -6.89261e+01    2.89240e-06


DD  step 40999 load imb.: force  3.4%
           Step           Time
          41000       82.00000

   Energies (kJ/mol)
           Bond          Angle    Proper Dih. Ryckaert-Bell.          LJ-14
    1.45859e+03    3.68653e+03    2.46437e+02    1.76845e+03    2.67770e+03
     Coulomb-14        LJ (SR)  Disper. corr.   Coulomb (SR)   Coul. recip.
    7.84388e+03    9.40257e+04   -4.56789e+03   -6.34700e+05    2.92849e+03
 Position Rest.      Potential    Kinetic En.   Total Energy  Conserved En.
    4.78704e+02   -5.24153e+05    8.57067e+04   -4.38446e+05   -4.36010e+05
    Temperature Pres. DC (bar) Pressure (bar)   Constr. rmsd
    2.99838e+02   -2.26324e+02    5.59607e+01    2.97188e-06


DD  step 41499 load imb.: force  3.5%
           Step           Time
          41500       83.00000

   Energies (kJ/mol)
           Bond          Angle    Proper Dih. Ryckaert-Bell.          LJ-14
    1.49947e+03    3.74619e+03    2.27657e+02    1.77772e+03    2.63351e+03
     Coulomb-14        LJ (SR)  Disper. corr.   Coulomb (SR)   Coul. recip.
    7.81454e+03    9.31208e+04   -4.56056e+03   -6.34344e+05    2.98796e+03
 Position Rest.      Potential    Kinetic En.   Total Energy  Conserved En.
    4.70090e+02   -5.24626e+05    8.54876e+04   -4.39139e+05   -4.35992e+05
    Temperature Pres. DC (bar) Pressure (bar)   Constr. rmsd
    2.99072e+02   -2.25598e+02   -2.18083e+02    2.45074e-06


DD  step 41999 load imb.: force  4.0%
           Step           Time
          42000       84.00000

   Energies (kJ/mol)
           Bond          Angle    Proper Dih. Ryckaert-Bell.          LJ-14
    1.54903e+03    3.70763e+03    2.31833e+02    1.87011e+03    2.66026e+03
     Coulomb-14        LJ (SR)  Disper. corr.   Coulomb (SR)   Coul. recip.
    7.71450e+03    9.40297e+04   -4.57382e+03   -6.34848e+05    2.95678e+03
 Position Rest.      Potential    Kinetic En.   Total Energy  Conserved En.
    4.72884e+02   -5.24229e+05    8.56394e+04   -4.38589e+05   -4.35988e+05
    Temperature Pres. DC (bar) Pressure (bar)   Constr. rmsd
    2.99603e+02   -2.26910e+02    1.55101e+02    3.11058e-06


DD  step 42499 load imb.: force  3.4%
           Step           Time
          42500       85.00000

   Energies (kJ/mol)
           Bond          Angle    Proper Dih. Ryckaert-Bell.          LJ-14
    1.50928e+03    3.80388e+03    2.53537e+02    1.80394e+03    2.66372e+03
     Coulomb-14        LJ (SR)  Disper. corr.   Coulomb (SR)   Coul. recip.
    7.84515e+03    9.33942e+04   -4.56618e+03   -6.34451e+05    2.91150e+03
 Position Rest.      Potential    Kinetic En.   Total Energy  Conserved En.
    5.16729e+02   -5.24315e+05    8.66013e+04   -4.37714e+05   -4.35994e+05
    Temperature Pres. DC (bar) Pressure (bar)   Constr. rmsd
    3.02968e+02   -2.26154e+02   -1.39204e+02    3.81694e-06


DD  step 42999 load imb.: force  3.8%
           Step           Time
          43000       86.00000

   Energies (kJ/mol)
           Bond          Angle    Proper Dih. Ryckaert-Bell.          LJ-14
    1.49201e+03    3.71810e+03    2.37194e+02    1.86408e+03    2.63142e+03
     Coulomb-14        LJ (SR)  Disper. corr.   Coulomb (SR)   Coul. recip.
    7.77466e+03    9.21938e+04   -4.55086e+03   -6.32923e+05    3.01654e+03
 Position Rest.      Potential    Kinetic En.   Total Energy  Conserved En.
    4.94972e+02   -5.24052e+05    8.64164e+04   -4.37635e+05   -4.36019e+05
    Temperature Pres. DC (bar) Pressure (bar)   Constr. rmsd
    3.02321e+02   -2.24641e+02   -1.94987e+02    2.95608e-06


DD  step 43499 load imb.: force  3.4%
           Step           Time
          43500       87.00000

   Energies (kJ/mol)
           Bond          Angle    Proper Dih. Ryckaert-Bell.          LJ-14
    1.49230e+03    3.72947e+03    2.30834e+02    1.84761e+03    2.71832e+03
     Coulomb-14        LJ (SR)  Disper. corr.   Coulomb (SR)   Coul. recip.
    7.74120e+03    9.43356e+04   -4.58153e+03   -6.35237e+05    2.97733e+03
 Position Rest.      Potential    Kinetic En.   Total Energy  Conserved En.
    4.72068e+02   -5.24273e+05    8.58165e+04   -4.38457e+05   -4.35969e+05
    Temperature Pres. DC (bar) Pressure (bar)   Constr. rmsd
    3.00222e+02   -2.27676e+02    2.15478e+02    3.07573e-06


DD  step 43999 load imb.: force  3.7%
           Step           Time
          44000       88.00000

   Energies (kJ/mol)
           Bond          Angle    Proper Dih. Ryckaert-Bell.          LJ-14
    1.65644e+03    3.58284e+03    2.74340e+02    1.73181e+03    2.63931e+03
     Coulomb-14        LJ (SR)  Disper. corr.   Coulomb (SR)   Coul. recip.
    7.66552e+03    9.38751e+04   -4.54731e+03   -6.34617e+05    3.02922e+03
 Position Rest.      Potential    Kinetic En.   Total Energy  Conserved En.
    5.14107e+02   -5.24195e+05    8.71510e+04   -4.37044e+05   -4.35998e+05
    Temperature Pres. DC (bar) Pressure (bar)   Constr. rmsd
    3.04891e+02   -2.24291e+02   -5.61851e+01    2.99609e-06


DD  step 44499 load imb.: force  3.9%
           Step           Time
          44500       89.00000

   Energies (kJ/mol)
           Bond          Angle    Proper Dih. Ryckaert-Bell.          LJ-14
    1.52424e+03    3.64242e+03    2.27781e+02    1.84300e+03    2.57158e+03
     Coulomb-14        LJ (SR)  Disper. corr.   Coulomb (SR)   Coul. recip.
    7.68599e+03    9.53964e+04   -4.54782e+03   -6.35628e+05    3.02199e+03
 Position Rest.      Potential    Kinetic En.   Total Energy  Conserved En.
    4.77916e+02   -5.23784e+05    8.72117e+04   -4.36573e+05   -4.35996e+05
    Temperature Pres. DC (bar) Pressure (bar)   Constr. rmsd
    3.05104e+02   -2.24341e+02    2.11287e+02    3.07869e-06


DD  step 44999 load imb.: force  3.1%
           Step           Time
          45000       90.00000

   Energies (kJ/mol)
           Bond          Angle    Proper Dih. Ryckaert-Bell.          LJ-14
    1.52815e+03    3.69475e+03    2.47550e+02    1.86568e+03    2.68101e+03
     Coulomb-14        LJ (SR)  Disper. corr.   Coulomb (SR)   Coul. recip.
    7.70387e+03    9.55040e+04   -4.57559e+03   -6.36977e+05    2.96390e+03
 Position Rest.      Potential    Kinetic En.   Total Energy  Conserved En.
    5.08470e+02   -5.24856e+05    8.60332e+04   -4.38822e+05   -4.35965e+05
    Temperature Pres. DC (bar) Pressure (bar)   Constr. rmsd
    3.00981e+02   -2.27086e+02    3.73553e+02    3.23628e-06


DD  step 45499 load imb.: force  4.8%
           Step           Time
          45500       91.00000

   Energies (kJ/mol)
           Bond          Angle    Proper Dih. Ryckaert-Bell.          LJ-14
    1.45375e+03    3.65517e+03    2.61248e+02    1.84700e+03    2.69590e+03
     Coulomb-14        LJ (SR)  Disper. corr.   Coulomb (SR)   Coul. recip.
    7.77729e+03    9.41399e+04   -4.56145e+03   -6.35433e+05    3.04607e+03
 Position Rest.      Potential    Kinetic En.   Total Energy  Conserved En.
    4.41692e+02   -5.24676e+05    8.64300e+04   -4.38246e+05   -4.35978e+05
    Temperature Pres. DC (bar) Pressure (bar)   Constr. rmsd
    3.02369e+02   -2.25686e+02   -5.61412e+01    2.79715e-06


DD  step 45999 load imb.: force  3.9%
           Step           Time
          46000       92.00000

   Energies (kJ/mol)
           Bond          Angle    Proper Dih. Ryckaert-Bell.          LJ-14
    1.46675e+03    3.78973e+03    2.75176e+02    1.89881e+03    2.66373e+03
     Coulomb-14        LJ (SR)  Disper. corr.   Coulomb (SR)   Coul. recip.
    7.82281e+03    9.31322e+04   -4.55576e+03   -6.33694e+05    3.03055e+03
 Position Rest.      Potential    Kinetic En.   Total Energy  Conserved En.
    4.56768e+02   -5.23713e+05    8.59444e+04   -4.37769e+05   -4.35944e+05
    Temperature Pres. DC (bar) Pressure (bar)   Constr. rmsd
    3.00670e+02   -2.25124e+02   -9.22857e+01    3.10473e-06


DD  step 46499 load imb.: force  4.0%
           Step           Time
          46500       93.00000

   Energies (kJ/mol)
           Bond          Angle    Proper Dih. Ryckaert-Bell.          LJ-14
    1.45495e+03    3.69620e+03    2.49537e+02    1.77121e+03    2.78874e+03
     Coulomb-14        LJ (SR)  Disper. corr.   Coulomb (SR)   Coul. recip.
    7.88603e+03    9.39474e+04   -4.55835e+03   -6.36202e+05    2.92953e+03
 Position Rest.      Potential    Kinetic En.   Total Energy  Conserved En.
    4.78751e+02   -5.25558e+05    8.66445e+04   -4.38914e+05   -4.35980e+05
    Temperature Pres. DC (bar) Pressure (bar)   Constr. rmsd
    3.03119e+02   -2.25380e+02    1.03252e+02    2.57470e-06


DD  step 46999 load imb.: force  3.8%
           Step           Time
          47000       94.00000

   Energies (kJ/mol)
           Bond          Angle    Proper Dih. Ryckaert-Bell.          LJ-14
    1.38875e+03    3.77564e+03    2.26915e+02    1.79736e+03    2.62061e+03
     Coulomb-14        LJ (SR)  Disper. corr.   Coulomb (SR)   Coul. recip.
    7.68122e+03    9.36070e+04   -4.57615e+03   -6.36073e+05    2.83780e+03
 Position Rest.      Potential    Kinetic En.   Total Energy  Conserved En.
    4.21441e+02   -5.26293e+05    8.49400e+04   -4.41353e+05   -4.35973e+05
    Temperature Pres. DC (bar) Pressure (bar)   Constr. rmsd
    2.97156e+02   -2.27142e+02   -9.96465e+01    2.51235e-06


DD  step 47499 load imb.: force  4.1%
           Step           Time
          47500       95.00000

   Energies (kJ/mol)
           Bond          Angle    Proper Dih. Ryckaert-Bell.          LJ-14
    1.54290e+03    3.74587e+03    2.55456e+02    1.77644e+03    2.74757e+03
     Coulomb-14        LJ (SR)  Disper. corr.   Coulomb (SR)   Coul. recip.
    7.82926e+03    9.36364e+04   -4.54662e+03   -6.34246e+05    3.02853e+03
 Position Rest.      Potential    Kinetic En.   Total Energy  Conserved En.
    4.48503e+02   -5.23782e+05    8.52795e+04   -4.38503e+05   -4.35955e+05
    Temperature Pres. DC (bar) Pressure (bar)   Constr. rmsd
    2.98344e+02   -2.24223e+02    3.83947e+01    2.80782e-06


DD  step 47999 load imb.: force  4.6%
           Step           Time
          48000       96.00000

   Energies (kJ/mol)
           Bond          Angle    Proper Dih. Ryckaert-Bell.          LJ-14
    1.46576e+03    3.87202e+03    2.45696e+02    1.81887e+03    2.63912e+03
     Coulomb-14        LJ (SR)  Disper. corr.   Coulomb (SR)   Coul. recip.
    7.76468e+03    9.54559e+04   -4.58667e+03   -6.36743e+05    2.91263e+03
 Position Rest.      Potential    Kinetic En.   Total Energy  Conserved En.
    4.52608e+02   -5.24702e+05    8.54131e+04   -4.39289e+05   -4.35950e+05
    Temperature Pres. DC (bar) Pressure (bar)   Constr. rmsd
    2.98811e+02   -2.28186e+02    3.51271e+02    2.69324e-06


DD  step 48499 load imb.: force  3.7%
           Step           Time
          48500       97.00000

   Energies (kJ/mol)
           Bond          Angle    Proper Dih. Ryckaert-Bell.          LJ-14
    1.41815e+03    3.60735e+03    2.42010e+02    1.81545e+03    2.68138e+03
     Coulomb-14        LJ (SR)  Disper. corr.   Coulomb (SR)   Coul. recip.
    7.79103e+03    9.47264e+04   -4.56851e+03   -6.37799e+05    2.91893e+03
 Position Rest.      Potential    Kinetic En.   Total Energy  Conserved En.
    4.24618e+02   -5.26742e+05    8.52537e+04   -4.41489e+05   -4.35944e+05
    Temperature Pres. DC (bar) Pressure (bar)   Constr. rmsd
    2.98254e+02   -2.26385e+02    1.84625e+02    2.75090e-06


DD  step 48999 load imb.: force  2.8%
           Step           Time
          49000       98.00000

   Energies (kJ/mol)
           Bond          Angle    Proper Dih. Ryckaert-Bell.          LJ-14
    1.49516e+03    3.68485e+03    2.13497e+02    1.85693e+03    2.67697e+03
     Coulomb-14        LJ (SR)  Disper. corr.   Coulomb (SR)   Coul. recip.
    7.71948e+03    9.31850e+04   -4.56798e+03   -6.34810e+05    2.84301e+03
 Position Rest.      Potential    Kinetic En.   Total Energy  Conserved En.
    4.23315e+02   -5.25280e+05    8.49546e+04   -4.40325e+05   -4.35948e+05
    Temperature Pres. DC (bar) Pressure (bar)   Constr. rmsd
    2.97207e+02   -2.26332e+02   -5.04283e+01    2.99528e-06


DD  step 49499 load imb.: force  4.9%
           Step           Time
          49500       99.00000

   Energies (kJ/mol)
           Bond          Angle    Proper Dih. Ryckaert-Bell.          LJ-14
    1.52567e+03    3.75139e+03    2.40336e+02    1.81425e+03    2.73007e+03
     Coulomb-14        LJ (SR)  Disper. corr.   Coulomb (SR)   Coul. recip.
    7.84401e+03    9.37612e+04   -4.55290e+03   -6.34746e+05    2.92445e+03
 Position Rest.      Potential    Kinetic En.   Total Energy  Conserved En.
    4.72966e+02   -5.24234e+05    8.57162e+04   -4.38518e+05   -4.35931e+05
    Temperature Pres. DC (bar) Pressure (bar)   Constr. rmsd
    2.99872e+02   -2.24842e+02   -5.15451e+01    2.65653e-06


DD  step 49999 load imb.: force  3.3%
           Step           Time
          50000      100.00000

Writing checkpoint, step 50000 at Fri Apr  1 00:47:48 2022


   Energies (kJ/mol)
           Bond          Angle    Proper Dih. Ryckaert-Bell.          LJ-14
    1.34497e+03    3.63249e+03    2.44719e+02    1.94770e+03    2.63192e+03
     Coulomb-14        LJ (SR)  Disper. corr.   Coulomb (SR)   Coul. recip.
    7.80348e+03    9.35114e+04   -4.56295e+03   -6.34900e+05    2.92917e+03
 Position Rest.      Potential    Kinetic En.   Total Energy  Conserved En.
    4.75041e+02   -5.24942e+05    8.43489e+04   -4.40593e+05   -4.35957e+05
    Temperature Pres. DC (bar) Pressure (bar)   Constr. rmsd
    2.95088e+02   -2.25835e+02   -4.53888e+01    2.63459e-06


Energy conservation over simulation part #1 of length 100 ns, time 0 to 100 ns
  Conserved energy drift: 5.93e-05 kJ/mol/ps per atom


	<======  ###############  ==>
	<====  A V E R A G E S  ====>
	<==  ###############  ======>

	Statistics over 50001 steps using 501 frames

   Energies (kJ/mol)
           Bond          Angle    Proper Dih. Ryckaert-Bell.          LJ-14
    1.45038e+03    3.70960e+03    2.48719e+02    1.83157e+03    2.67766e+03
     Coulomb-14        LJ (SR)  Disper. corr.   Coulomb (SR)   Coul. recip.
    7.74681e+03    9.36088e+04   -4.56188e+03   -6.34786e+05    2.93834e+03
 Position Rest.      Potential    Kinetic En.   Total Energy  Conserved En.
    4.71999e+02   -5.24664e+05    8.57320e+04   -4.38932e+05   -4.36054e+05
    Temperature Pres. DC (bar) Pressure (bar)   Constr. rmsd
    2.99927e+02   -2.25731e+02    2.27487e+00    0.00000e+00

          Box-X          Box-Y          Box-Z
    6.95196e+00    6.95196e+00    6.95196e+00

   Total Virial (kJ/mol)
    2.86189e+04   -1.13540e+02   -2.62310e+02
   -1.13636e+02    2.86165e+04    1.49356e+02
   -2.62465e+02    1.49157e+02    2.84324e+04

   Pressure (bar)
   -2.16799e+00    1.22693e+01    2.68502e+01
    1.22789e+01   -2.93974e+00   -1.54931e+01
    2.68655e+01   -1.54734e+01    1.19323e+01

      T-Protein  T-non-Protein
    2.99997e+02    2.99922e+02


	M E G A - F L O P S   A C C O U N T I N G

 NB=Group-cutoff nonbonded kernels    NxN=N-by-N cluster Verlet kernels
 RF=Reaction-Field  VdW=Van der Waals  QSTab=quadratic-spline table
 W3=SPC/TIP3p  W4=TIP4p (single or pairs)
 V&F=Potential and force  V=Potential only  F=Force only

 Computing:                               M-Number         M-Flops  % Flops
-----------------------------------------------------------------------------
 Pair Search distance check           15323.800100      137914.201     0.2
 NxN Ewald Elec. + LJ [F]            527923.450672    34842947.744    51.9
 NxN Ewald Elec. + LJ [V&F]            5342.870544      571687.148     0.9
 NxN Ewald Elec. [F]                 469554.051888    28642797.165    42.7
 NxN Ewald Elec. [V&F]                 4752.390448      399200.798     0.6
 1,4 nonbonded interactions             255.305106       22977.460     0.0
 Calc Weights                          5081.501628      182934.059     0.3
 Spread Q Bspline                    108405.368064      216810.736     0.3
 Gather F Bspline                    108405.368064      650432.208     1.0
 3D-FFT                              139519.590336     1116156.723     1.7
 Solve PME                              193.603872       12390.648     0.0
 Reset In Box                            33.808248         101.425     0.0
 CG-CoM                                  33.909876         101.730     0.0
 Bonds                                   51.251025        3023.810     0.0
 Angles                                 177.353547       29795.396     0.0
 Propers                                 21.300426        4877.798     0.0
 RB-Dihedrals                           197.503950       48783.476     0.1
 Pos. Restr.                             50.051001        2502.550     0.0
 Virial                                 171.214236        3081.856     0.0
 Stop-CM                                 16.971876         169.719     0.0
 Calc-Ekin                              338.827752        9148.349     0.0
 Lincs                                   47.950959        2877.058     0.0
 Lincs-Mat                              238.804776         955.219     0.0
 Constraint-V                          1691.333826       15222.004     0.0
 Constraint-Vir                         164.367867        3944.829     0.0
 Settle                                 531.810636      196769.935     0.3
-----------------------------------------------------------------------------
 Total                                                67117604.043   100.0
-----------------------------------------------------------------------------


    D O M A I N   D E C O M P O S I T I O N   S T A T I S T I C S

 av. #atoms communicated per step for force:  2 x 42191.2


Dynamic load balancing report:
 DLB got disabled because it was unsuitable to use.
 Average load imbalance: 3.1%.
 The balanceable part of the MD step is 72%, load imbalance is computed from this.
 Part of the total run time spent waiting due to load imbalance: 2.2%.


     R E A L   C Y C L E   A N D   T I M E   A C C O U N T I N G

On 8 MPI ranks

 Computing:          Num   Num      Call    Wall time         Giga-Cycles
                     Ranks Threads  Count      (s)         total sum    %
-----------------------------------------------------------------------------
 Domain decomp.         8    1       1000       2.906         32.358   0.8
 DD comm. load          8    1        153       0.002          0.026   0.0
 DD comm. bounds        8    1         57       0.003          0.039   0.0
 Neighbor search        8    1       1001       8.803         98.024   2.3
 Comm. coord.           8    1      49000       2.250         25.053   0.6
 Force                  8    1      50001     273.304       3043.356  70.8
 Wait + Comm. F         8    1      50001       2.170         24.164   0.6
 PME mesh               8    1      50001      83.333        927.948  21.6
 NB X/F buffer ops.     8    1     148001       4.020         44.764   1.0
 Write traj.            8    1        101       0.304          3.390   0.1
 Update                 8    1      50001       2.002         22.295   0.5
 Constraints            8    1      50001       3.306         36.811   0.9
 Comm. energies         8    1       5001       2.249         25.045   0.6
 Rest                                           1.277         14.219   0.3
-----------------------------------------------------------------------------
 Total                                        385.929       4297.492 100.0
-----------------------------------------------------------------------------
 Breakdown of PME mesh computation
-----------------------------------------------------------------------------
 PME redist. X/F        8    1     100002      24.850        276.719   6.4
 PME spread             8    1      50001      21.591        240.430   5.6
 PME gather             8    1      50001      15.646        174.220   4.1
 PME 3D-FFT             8    1     100002      15.844        176.431   4.1
 PME 3D-FFT Comm.       8    1     200004       3.403         37.898   0.9
 PME solve Elec         8    1      50001       1.941         21.612   0.5
-----------------------------------------------------------------------------

               Core t (s)   Wall t (s)        (%)
       Time:     3087.300      385.929      800.0
                 (ns/day)    (hour/ns)
Performance:       22.388        1.072
Finished mdrun on rank 0 Fri Apr  1 00:47:48 2022

